2021-10-13 20:05:57,703 [INFO] Activator:177 - 


2021-10-13 20:05:57,705 [INFO] Activator:178 - !SESSION log4j initialized
2021-10-13 20:06:29,247 [INFO] Activator:177 - 


2021-10-13 20:06:29,249 [INFO] Activator:178 - !SESSION log4j initialized
2021-10-13 20:06:41,090 [INFO] McuFinderGlobals:39 - Set McuFinder mode to 2 (CubeIDE integrated)
2021-10-13 20:06:43,053 [INFO] ApplicationProperties:181 - Using Application install path: C:\ST\STM32CubeIDE_1.6.1\STM32CubeIDE\plugins\com.st.stm32cube.common.mx_6.3.0.202107141111
2021-10-13 20:06:43,064 [INFO] DbMcusXml:74 - Set database path to: C:\ST\STM32CubeIDE_1.6.1\STM32CubeIDE\plugins\com.st.stm32cube.common.mx_6.3.0.202107141111\\db\/mcu/
2021-10-13 20:06:43,067 [INFO] DbBoardsPdsc:56 - Set plugin database path to: C:\ST\STM32CubeIDE_1.6.1\STM32CubeIDE\plugins\com.st.stm32cube.common.mx_6.3.0.202107141111\\db\/plugins/boardmanager/
2021-10-13 20:06:43,069 [INFO] DbMcus:258 - Set plugin images path to: C:\ST\STM32CubeIDE_1.6.1\STM32CubeIDE\plugins\com.st.stm32cube.common.mx_6.3.0.202107141111\\db\/plugins/mcufinder/images/
2021-10-13 20:06:43,069 [INFO] DbBoards:264 - Set plugin images path to: C:\ST\STM32CubeIDE_1.6.1\STM32CubeIDE\plugins\com.st.stm32cube.common.mx_6.3.0.202107141111\\db\/plugins/mcufinder/images/
2021-10-13 20:06:43,071 [INFO] DbExamples:333 - Set plugin images path to: C:\ST\STM32CubeIDE_1.6.1\STM32CubeIDE\plugins\com.st.stm32cube.common.mx_6.3.0.202107141111\\db\/plugins/mcufinder/images/
2021-10-13 20:06:43,075 [INFO] DbMcusAds:119 - Set database path to: C:\Users\Thomas VERNOUX\.stmcufinder\plugins\mcufinder//mcu/
2021-10-13 20:06:43,076 [INFO] DbMcusDocs:110 - Set database path to: C:\Users\Thomas VERNOUX\.stmcufinder\plugins\mcufinder//mcu/
2021-10-13 20:06:43,078 [INFO] DbMcusJson:64 - Set database path to: C:\Users\Thomas VERNOUX\.stmcufinder\plugins\mcufinder//mcu/
2021-10-13 20:06:43,078 [INFO] DbBoardsDocs:110 - Set database path to: C:\Users\Thomas VERNOUX\.stmcufinder\plugins\mcufinder//mcu/
2021-10-13 20:06:43,079 [INFO] DbBoardsJson:57 - Set database path to: C:\Users\Thomas VERNOUX\.stmcufinder\plugins\mcufinder//mcu/
2021-10-13 20:06:43,082 [INFO] CrossReferenceDbSqlite:196 - Set database path to: C:\Users\Thomas VERNOUX\.stmcufinder\plugins\mcufinder//mcu/cs/
2021-10-13 20:06:43,085 [INFO] DbExamplesSqlite:767 - Set database path to: C:\Users\Thomas VERNOUX\.stmcufinder\plugins\mcufinder//mcu/
2021-10-13 20:06:43,175 [INFO] RulesReader:57 - Compatibility file has been processed (242 Rules)
2021-10-13 20:06:43,255 [INFO] DbMcusXml:74 - Set database path to: C:\ST\STM32CubeIDE_1.6.1\STM32CubeIDE\plugins\com.st.stm32cube.common.mx_6.3.0.202107141111\\db\/mcu/
2021-10-13 20:06:43,256 [INFO] DbBoardsPdsc:56 - Set plugin database path to: C:\ST\STM32CubeIDE_1.6.1\STM32CubeIDE\plugins\com.st.stm32cube.common.mx_6.3.0.202107141111\\db\/plugins/boardmanager/
2021-10-13 20:06:43,256 [INFO] DbMcus:258 - Set plugin images path to: C:\ST\STM32CubeIDE_1.6.1\STM32CubeIDE\plugins\com.st.stm32cube.common.mx_6.3.0.202107141111\\db\/plugins/mcufinder/images/
2021-10-13 20:06:43,256 [INFO] DbBoards:264 - Set plugin images path to: C:\ST\STM32CubeIDE_1.6.1\STM32CubeIDE\plugins\com.st.stm32cube.common.mx_6.3.0.202107141111\\db\/plugins/mcufinder/images/
2021-10-13 20:06:43,256 [INFO] DbExamples:333 - Set plugin images path to: C:\ST\STM32CubeIDE_1.6.1\STM32CubeIDE\plugins\com.st.stm32cube.common.mx_6.3.0.202107141111\\db\/plugins/mcufinder/images/
2021-10-13 20:06:43,257 [WARN] DbFile:35 - Overriding database path with different value: C:\Users\Thomas VERNOUX\.stmcufinder\plugins\mcufinder/ => C:\Users\Thomas VERNOUX\.stmcufinder\plugins\mcufinder
2021-10-13 20:06:43,257 [INFO] DbMcusAds:119 - Set database path to: C:\Users\Thomas VERNOUX\.stmcufinder\plugins\mcufinder//mcu/
2021-10-13 20:06:43,257 [WARN] DbFile:35 - Overriding database path with different value: C:\Users\Thomas VERNOUX\.stmcufinder\plugins\mcufinder/ => C:\Users\Thomas VERNOUX\.stmcufinder\plugins\mcufinder
2021-10-13 20:06:43,257 [INFO] DbMcusDocs:110 - Set database path to: C:\Users\Thomas VERNOUX\.stmcufinder\plugins\mcufinder//mcu/
2021-10-13 20:06:43,257 [WARN] DbFile:35 - Overriding database path with different value: C:\Users\Thomas VERNOUX\.stmcufinder\plugins\mcufinder/ => C:\Users\Thomas VERNOUX\.stmcufinder\plugins\mcufinder
2021-10-13 20:06:43,258 [INFO] DbMcusJson:64 - Set database path to: C:\Users\Thomas VERNOUX\.stmcufinder\plugins\mcufinder//mcu/
2021-10-13 20:06:43,258 [WARN] DbFile:35 - Overriding database path with different value: C:\Users\Thomas VERNOUX\.stmcufinder\plugins\mcufinder/ => C:\Users\Thomas VERNOUX\.stmcufinder\plugins\mcufinder
2021-10-13 20:06:43,258 [INFO] DbBoardsDocs:110 - Set database path to: C:\Users\Thomas VERNOUX\.stmcufinder\plugins\mcufinder//mcu/
2021-10-13 20:06:43,258 [WARN] DbFile:35 - Overriding database path with different value: C:\Users\Thomas VERNOUX\.stmcufinder\plugins\mcufinder/ => C:\Users\Thomas VERNOUX\.stmcufinder\plugins\mcufinder
2021-10-13 20:06:43,258 [INFO] DbBoardsJson:57 - Set database path to: C:\Users\Thomas VERNOUX\.stmcufinder\plugins\mcufinder//mcu/
2021-10-13 20:06:43,258 [WARN] DbFile:35 - Overriding database path with different value: C:\Users\Thomas VERNOUX\.stmcufinder\plugins\mcufinder/ => C:\Users\Thomas VERNOUX\.stmcufinder\plugins\mcufinder
2021-10-13 20:06:43,259 [WARN] DbFile:35 - Overriding database path with different value: C:\Users\Thomas VERNOUX\.stmcufinder\plugins\mcufinder/ => C:\Users\Thomas VERNOUX\.stmcufinder\plugins\mcufinder
2021-10-13 20:06:43,259 [INFO] CrossReferenceDbSqlite:196 - Set database path to: C:\Users\Thomas VERNOUX\.stmcufinder\plugins\mcufinder//mcu/cs/
2021-10-13 20:06:43,259 [WARN] DbFile:35 - Overriding database path with different value: C:\Users\Thomas VERNOUX\.stmcufinder\plugins\mcufinder/ => C:\Users\Thomas VERNOUX\.stmcufinder\plugins\mcufinder
2021-10-13 20:06:43,259 [INFO] DbExamplesSqlite:767 - Set database path to: C:\Users\Thomas VERNOUX\.stmcufinder\plugins\mcufinder//mcu/
2021-10-13 20:06:43,315 [INFO] MainPanel:214 - HeapMemory: 268435456
2021-10-13 20:06:43,380 [INFO] DbMcusXml:74 - Set database path to: C:\ST\STM32CubeIDE_1.6.1\STM32CubeIDE\plugins\com.st.stm32cube.common.mx_6.3.0.202107141111\\db\/mcu/
2021-10-13 20:06:43,380 [INFO] DbBoardsPdsc:56 - Set plugin database path to: C:\ST\STM32CubeIDE_1.6.1\STM32CubeIDE\plugins\com.st.stm32cube.common.mx_6.3.0.202107141111\\db\/plugins/boardmanager/
2021-10-13 20:06:43,380 [INFO] DbMcus:258 - Set plugin images path to: C:\ST\STM32CubeIDE_1.6.1\STM32CubeIDE\plugins\com.st.stm32cube.common.mx_6.3.0.202107141111\\db\/plugins/mcufinder/images/
2021-10-13 20:06:43,381 [INFO] DbBoards:264 - Set plugin images path to: C:\ST\STM32CubeIDE_1.6.1\STM32CubeIDE\plugins\com.st.stm32cube.common.mx_6.3.0.202107141111\\db\/plugins/mcufinder/images/
2021-10-13 20:06:43,381 [INFO] DbExamples:333 - Set plugin images path to: C:\ST\STM32CubeIDE_1.6.1\STM32CubeIDE\plugins\com.st.stm32cube.common.mx_6.3.0.202107141111\\db\/plugins/mcufinder/images/
2021-10-13 20:06:43,381 [WARN] DbFile:35 - Overriding database path with different value: C:\Users\Thomas VERNOUX\.stmcufinder\plugins\mcufinder/ => C:\Users\Thomas VERNOUX\.stmcufinder\plugins\mcufinder
2021-10-13 20:06:43,381 [INFO] DbMcusAds:119 - Set database path to: C:\Users\Thomas VERNOUX\.stmcufinder\plugins\mcufinder//mcu/
2021-10-13 20:06:43,382 [WARN] DbFile:35 - Overriding database path with different value: C:\Users\Thomas VERNOUX\.stmcufinder\plugins\mcufinder/ => C:\Users\Thomas VERNOUX\.stmcufinder\plugins\mcufinder
2021-10-13 20:06:43,382 [INFO] DbMcusDocs:110 - Set database path to: C:\Users\Thomas VERNOUX\.stmcufinder\plugins\mcufinder//mcu/
2021-10-13 20:06:43,382 [WARN] DbFile:35 - Overriding database path with different value: C:\Users\Thomas VERNOUX\.stmcufinder\plugins\mcufinder/ => C:\Users\Thomas VERNOUX\.stmcufinder\plugins\mcufinder
2021-10-13 20:06:43,382 [INFO] DbMcusJson:64 - Set database path to: C:\Users\Thomas VERNOUX\.stmcufinder\plugins\mcufinder//mcu/
2021-10-13 20:06:43,382 [WARN] DbFile:35 - Overriding database path with different value: C:\Users\Thomas VERNOUX\.stmcufinder\plugins\mcufinder/ => C:\Users\Thomas VERNOUX\.stmcufinder\plugins\mcufinder
2021-10-13 20:06:43,382 [INFO] DbBoardsDocs:110 - Set database path to: C:\Users\Thomas VERNOUX\.stmcufinder\plugins\mcufinder//mcu/
2021-10-13 20:06:43,383 [WARN] DbFile:35 - Overriding database path with different value: C:\Users\Thomas VERNOUX\.stmcufinder\plugins\mcufinder/ => C:\Users\Thomas VERNOUX\.stmcufinder\plugins\mcufinder
2021-10-13 20:06:43,383 [INFO] DbBoardsJson:57 - Set database path to: C:\Users\Thomas VERNOUX\.stmcufinder\plugins\mcufinder//mcu/
2021-10-13 20:06:43,383 [WARN] DbFile:35 - Overriding database path with different value: C:\Users\Thomas VERNOUX\.stmcufinder\plugins\mcufinder/ => C:\Users\Thomas VERNOUX\.stmcufinder\plugins\mcufinder
2021-10-13 20:06:43,383 [WARN] DbFile:35 - Overriding database path with different value: C:\Users\Thomas VERNOUX\.stmcufinder\plugins\mcufinder/ => C:\Users\Thomas VERNOUX\.stmcufinder\plugins\mcufinder
2021-10-13 20:06:43,383 [INFO] CrossReferenceDbSqlite:196 - Set database path to: C:\Users\Thomas VERNOUX\.stmcufinder\plugins\mcufinder//mcu/cs/
2021-10-13 20:06:43,383 [WARN] DbFile:35 - Overriding database path with different value: C:\Users\Thomas VERNOUX\.stmcufinder\plugins\mcufinder/ => C:\Users\Thomas VERNOUX\.stmcufinder\plugins\mcufinder
2021-10-13 20:06:43,383 [INFO] DbExamplesSqlite:767 - Set database path to: C:\Users\Thomas VERNOUX\.stmcufinder\plugins\mcufinder//mcu/
2021-10-13 20:06:43,399 [INFO] ApplicationProperties:181 - Using Application install path: C:\ST\STM32CubeIDE_1.6.1\STM32CubeIDE\plugins\com.st.stm32cube.common.mx_6.3.0.202107141111
2021-10-13 20:06:43,400 [INFO] PluginManage:188 - Search for loadable plugins [exclusion list=, ]
2021-10-13 20:06:43,401 [INFO] PluginManage:302 - Check plugin analytics
2021-10-13 20:06:48,102 [INFO] AnalyticsPlugin:257 - Accepted Software Licenses: STM32CubeMX.6.2.1
2021-10-13 20:06:48,103 [INFO] AnalyticsPlugin:259 - Accepted CMSIS Pack Licenses: 
2021-10-13 20:06:48,103 [INFO] AnalyticsPlugin:261 - Accepted Firmware Licenses: 
2021-10-13 20:06:48,104 [INFO] PluginManage:352 - Loaded plugin analytics (category:tool,tabindex:-1)
2021-10-13 20:06:48,104 [INFO] PluginManage:302 - Check plugin clock
2021-10-13 20:06:48,114 [INFO] PluginManage:352 - Loaded plugin clock (category:base,tabindex:2)
2021-10-13 20:06:48,114 [INFO] PluginManage:302 - Check plugin ddr
2021-10-13 20:06:48,116 [INFO] PluginManage:352 - Loaded plugin ddr (category:tool,tabindex:6)
2021-10-13 20:06:48,117 [INFO] PluginManage:302 - Check plugin filemanager
2021-10-13 20:06:48,228 [INFO] PluginManage:352 - Loaded plugin filemanager (category:base,tabindex:10)
2021-10-13 20:06:48,228 [INFO] PluginManage:302 - Check plugin ipmanager
2021-10-13 20:06:48,236 [INFO] PluginManage:352 - Loaded plugin ipmanager (category:base,tabindex:5)
2021-10-13 20:06:48,236 [INFO] PluginManage:302 - Check plugin pinoutandconfiguration
2021-10-13 20:06:48,245 [INFO] PluginManage:352 - Loaded plugin pinoutandconfiguration (category:base,tabindex:1)
2021-10-13 20:06:48,245 [INFO] PluginManage:302 - Check plugin pinoutconfig
2021-10-13 20:06:48,269 [INFO] PluginManage:352 - Loaded plugin pinoutconfig (category:base,tabindex:0)
2021-10-13 20:06:48,269 [INFO] PluginManage:302 - Check plugin power
2021-10-13 20:06:48,278 [INFO] PluginManage:352 - Loaded plugin power (category:power,tabindex:4)
2021-10-13 20:06:48,278 [INFO] PluginManage:302 - Check plugin projectmanager
2021-10-13 20:06:48,295 [INFO] PluginManage:352 - Loaded plugin projectmanager (category:projectmanager,tabindex:3)
2021-10-13 20:06:48,295 [INFO] PluginManage:302 - Check plugin thirdparty
2021-10-13 20:06:48,416 [WARN] IntegrityCheckThread:78 - waiting for thirdparty lock release [integrity check]
2021-10-13 20:06:48,417 [INFO] IntegrityCheckThread:80 - entering critical section [integrity check]
2021-10-13 20:06:48,416 [INFO] PluginManage:352 - Loaded plugin thirdparty (category:base,tabindex:-1)
2021-10-13 20:06:48,417 [INFO] ThirdPartyUpdaterWithRetryManager:66 - Updater plugin not ready yet. [1/15]
2021-10-13 20:06:48,417 [INFO] PluginManage:302 - Check plugin tools
2021-10-13 20:06:48,419 [INFO] PluginManage:352 - Loaded plugin tools (category:base,tabindex:7)
2021-10-13 20:06:48,419 [INFO] PluginManage:302 - Check plugin tutovideos
2021-10-13 20:06:48,606 [INFO] PluginManage:352 - Loaded plugin tutovideos (category:base,tabindex:-1)
2021-10-13 20:06:48,606 [INFO] PluginManage:302 - Check plugin updater
2021-10-13 20:06:48,618 [INFO] PluginManage:352 - Loaded plugin updater (category:base,tabindex:12)
2021-10-13 20:06:48,619 [INFO] PluginManage:275 - PluginManage : Loaded plugins [13]
2021-10-13 20:06:48,771 [INFO] PinOutPanel:1463 - setPackage(No Configuration,No Configuration)
2021-10-13 20:06:48,848 [INFO] IPUIPlugin:74 - create IPUIPlugin
2021-10-13 20:06:48,848 [INFO] PluginManager:213 - loadIPPluginJar : add adc
2021-10-13 20:06:48,851 [INFO] IPUIPlugin:74 - create IPUIPlugin
2021-10-13 20:06:48,851 [INFO] PluginManager:213 - loadIPPluginJar : add aes
2021-10-13 20:06:48,853 [INFO] IPUIPlugin:74 - create IPUIPlugin
2021-10-13 20:06:48,853 [INFO] PluginManager:213 - loadIPPluginJar : add can
2021-10-13 20:06:48,855 [INFO] IPUIPlugin:74 - create IPUIPlugin
2021-10-13 20:06:48,855 [INFO] PluginManager:213 - loadIPPluginJar : add comp
2021-10-13 20:06:48,857 [INFO] IPUIPlugin:74 - create IPUIPlugin
2021-10-13 20:06:48,857 [INFO] PluginManager:213 - loadIPPluginJar : add cryp
2021-10-13 20:06:48,859 [INFO] IPUIPlugin:74 - create IPUIPlugin
2021-10-13 20:06:48,859 [INFO] PluginManager:213 - loadIPPluginJar : add dfsdm
2021-10-13 20:06:48,864 [INFO] IPUIPlugin:74 - create IPUIPlugin
2021-10-13 20:06:48,865 [INFO] PluginManager:213 - loadIPPluginJar : add dma
2021-10-13 20:06:48,867 [INFO] IPUIPlugin:74 - create IPUIPlugin
2021-10-13 20:06:48,867 [INFO] PluginManager:213 - loadIPPluginJar : add dma3
2021-10-13 20:06:48,868 [INFO] IPUIPlugin:74 - create IPUIPlugin
2021-10-13 20:06:48,868 [INFO] PluginManager:213 - loadIPPluginJar : add fatfs
2021-10-13 20:06:48,873 [INFO] IPUIPlugin:74 - create IPUIPlugin
2021-10-13 20:06:48,873 [INFO] PluginManager:213 - loadIPPluginJar : add fmc
2021-10-13 20:06:48,878 [INFO] IPUIPlugin:74 - create IPUIPlugin
2021-10-13 20:06:48,878 [INFO] PluginManager:213 - loadIPPluginJar : add freertos
2021-10-13 20:06:48,880 [INFO] IPUIPlugin:74 - create IPUIPlugin
2021-10-13 20:06:48,880 [INFO] PluginManager:213 - loadIPPluginJar : add genericplugin
2021-10-13 20:06:48,882 [INFO] IPUIPlugin:74 - create IPUIPlugin
2021-10-13 20:06:48,882 [INFO] PluginManager:213 - loadIPPluginJar : add gfxmmu
2021-10-13 20:06:48,886 [INFO] IPUIPlugin:74 - create IPUIPlugin
2021-10-13 20:06:48,887 [INFO] PluginManager:213 - loadIPPluginJar : add gic
2021-10-13 20:06:48,890 [INFO] IPUIPlugin:74 - create IPUIPlugin
2021-10-13 20:06:48,890 [INFO] PluginManager:213 - loadIPPluginJar : add gpio
2021-10-13 20:06:48,892 [INFO] IPUIPlugin:74 - create IPUIPlugin
2021-10-13 20:06:48,892 [INFO] PluginManager:213 - loadIPPluginJar : add gtzc
2021-10-13 20:06:48,894 [INFO] IPUIPlugin:74 - create IPUIPlugin
2021-10-13 20:06:48,895 [INFO] PluginManager:213 - loadIPPluginJar : add hash
2021-10-13 20:06:48,897 [INFO] IPUIPlugin:74 - create IPUIPlugin
2021-10-13 20:06:48,897 [INFO] PluginManager:213 - loadIPPluginJar : add i2c
2021-10-13 20:06:48,899 [INFO] IPUIPlugin:74 - create IPUIPlugin
2021-10-13 20:06:48,899 [INFO] PluginManager:213 - loadIPPluginJar : add i2s
2021-10-13 20:06:48,902 [INFO] IPUIPlugin:74 - create IPUIPlugin
2021-10-13 20:06:48,902 [INFO] PluginManager:213 - loadIPPluginJar : add ipddr
2021-10-13 20:06:48,908 [INFO] IPUIPlugin:74 - create IPUIPlugin
2021-10-13 20:06:48,908 [INFO] PluginManager:213 - loadIPPluginJar : add linkedlist
2021-10-13 20:06:48,910 [INFO] IPUIPlugin:74 - create IPUIPlugin
2021-10-13 20:06:48,911 [INFO] PluginManager:213 - loadIPPluginJar : add lorawan
2021-10-13 20:06:48,912 [INFO] IPUIPlugin:74 - create IPUIPlugin
2021-10-13 20:06:48,912 [INFO] PluginManager:213 - loadIPPluginJar : add ltdc
2021-10-13 20:06:48,916 [INFO] IPUIPlugin:74 - create IPUIPlugin
2021-10-13 20:06:48,916 [INFO] PluginManager:213 - loadIPPluginJar : add mdma
2021-10-13 20:06:48,919 [INFO] IPUIPlugin:74 - create IPUIPlugin
2021-10-13 20:06:48,919 [INFO] PluginManager:213 - loadIPPluginJar : add nvic
2021-10-13 20:06:48,922 [INFO] IPUIPlugin:74 - create IPUIPlugin
2021-10-13 20:06:48,922 [INFO] PluginManager:213 - loadIPPluginJar : add opamp
2021-10-13 20:06:48,924 [INFO] IPUIPlugin:74 - create IPUIPlugin
2021-10-13 20:06:48,924 [INFO] PluginManager:213 - loadIPPluginJar : add openamp
2021-10-13 20:06:48,927 [INFO] IPUIPlugin:74 - create IPUIPlugin
2021-10-13 20:06:48,927 [INFO] PluginManager:213 - loadIPPluginJar : add pdm2pcm
2021-10-13 20:06:48,933 [INFO] IPUIPlugin:74 - create IPUIPlugin
2021-10-13 20:06:48,936 [INFO] PluginManager:213 - loadIPPluginJar : add plateformsettings
2021-10-13 20:06:48,938 [INFO] IPUIPlugin:74 - create IPUIPlugin
2021-10-13 20:06:48,938 [INFO] PluginManager:213 - loadIPPluginJar : add quadspi
2021-10-13 20:06:48,940 [INFO] IPUIPlugin:74 - create IPUIPlugin
2021-10-13 20:06:48,941 [INFO] PluginManager:213 - loadIPPluginJar : add resmgrutility
2021-10-13 20:06:48,943 [INFO] IPUIPlugin:74 - create IPUIPlugin
2021-10-13 20:06:48,943 [INFO] PluginManager:213 - loadIPPluginJar : add sai
2021-10-13 20:06:48,945 [INFO] IPUIPlugin:74 - create IPUIPlugin
2021-10-13 20:06:48,946 [INFO] PluginManager:213 - loadIPPluginJar : add spi
2021-10-13 20:06:48,949 [INFO] IPUIPlugin:74 - create IPUIPlugin
2021-10-13 20:06:48,949 [INFO] PluginManager:213 - loadIPPluginJar : add stm32_wpan
2021-10-13 20:06:48,951 [INFO] IPUIPlugin:74 - create IPUIPlugin
2021-10-13 20:06:48,951 [INFO] PluginManager:213 - loadIPPluginJar : add tim
2021-10-13 20:06:48,954 [INFO] IPUIPlugin:74 - create IPUIPlugin
2021-10-13 20:06:48,954 [INFO] PluginManager:213 - loadIPPluginJar : add touchsensing
2021-10-13 20:06:48,956 [INFO] IPUIPlugin:74 - create IPUIPlugin
2021-10-13 20:06:48,956 [INFO] PluginManager:213 - loadIPPluginJar : add tracer_emb
2021-10-13 20:06:48,958 [INFO] IPUIPlugin:74 - create IPUIPlugin
2021-10-13 20:06:48,958 [INFO] PluginManager:213 - loadIPPluginJar : add ts
2021-10-13 20:06:48,959 [INFO] IPUIPlugin:74 - create IPUIPlugin
2021-10-13 20:06:48,959 [INFO] PluginManager:213 - loadIPPluginJar : add tsc
2021-10-13 20:06:48,961 [INFO] IPUIPlugin:74 - create IPUIPlugin
2021-10-13 20:06:48,961 [INFO] PluginManager:213 - loadIPPluginJar : add ucpd
2021-10-13 20:06:48,963 [INFO] IPUIPlugin:74 - create IPUIPlugin
2021-10-13 20:06:48,964 [INFO] PluginManager:213 - loadIPPluginJar : add usart
2021-10-13 20:06:48,966 [INFO] IPUIPlugin:74 - create IPUIPlugin
2021-10-13 20:06:48,966 [INFO] PluginManager:213 - loadIPPluginJar : add usbx
2021-10-13 20:06:49,242 [FATAL] Updater:294 - Updater called before beeing initialized
2021-10-13 20:06:49,335 [FATAL] Updater:294 - Updater called before beeing initialized
2021-10-13 20:06:49,339 [INFO] DbMcusAds:47 - JSON generation date=Thu Sep 30 08:55:09 CEST 2021 (1632984909289)
2021-10-13 20:06:49,339 [FATAL] Updater:294 - Updater called before beeing initialized
2021-10-13 20:06:49,377 [WARN] DetailPanel:314 - Failed to get advertising image, set to default
2021-10-13 20:06:49,505 [FATAL] Updater:294 - Updater called before beeing initialized
2021-10-13 20:06:49,507 [FATAL] Updater:294 - Updater called before beeing initialized
2021-10-13 20:06:49,507 [FATAL] Updater:294 - Updater called before beeing initialized
2021-10-13 20:06:49,507 [WARN] DetailPanel:314 - Failed to get advertising image, set to default
2021-10-13 20:06:49,509 [FATAL] Updater:294 - Updater called before beeing initialized
2021-10-13 20:06:49,556 [ERROR] Updater:1075 - MainUpdater not yet initialized. External WinMGr cannot be set.
2021-10-13 20:06:49,559 [INFO] Updater:1012 - Updater Version found : 6.3.0
2021-10-13 20:06:49,574 [INFO] ApplicationProperties:181 - Using Application install path: C:\ST\STM32CubeIDE_1.6.1\STM32CubeIDE\plugins\com.st.stm32cube.common.mx_6.3.0.202107141111
2021-10-13 20:06:49,720 [INFO] MainUpdater:2671 - connection check result : 10
2021-10-13 20:06:49,722 [INFO] MainUpdater:265 - Updater Check For Update Now.
2021-10-13 20:06:49,722 [INFO] MicroXplorer:478 - Change Database Version : DB.6.0.30
2021-10-13 20:06:49,906 [INFO] CheckServerUpdateThread:112 - End of CheckServer Thread
2021-10-13 20:06:49,949 [INFO] MainUpdater:2671 - connection check result : 10
2021-10-13 20:06:49,951 [INFO] MainUpdater:2671 - connection check result : 10
2021-10-13 20:06:50,041 [INFO] MicroXplorer:448 - Change Database Path : 
2021-10-13 20:06:50,041 [INFO] MicroXplorer:478 - Change Database Version : DB.6.0.30
2021-10-13 20:06:50,042 [WARN] ThirdParty:813 - waiting for thirdparty lock release [close project]
2021-10-13 20:06:51,566 [WARN] PackLoader:238 - Cannot read IP mode file for RoweBots.I-CUBE-UNISONRTOS.5.5.0-4
2021-10-13 20:06:51,582 [WARN] PackLoader:238 - Cannot read IP mode file for STMicroelectronics.X-CUBE-SFXS2LP1.3.0.0
2021-10-13 20:06:51,601 [WARN] PackLoader:238 - Cannot read IP mode file for STMicroelectronics.X-CUBE-SUBG2.4.1.0
2021-10-13 20:06:51,693 [WARN] PackLoader:238 - Cannot read IP mode file for STMicroelectronics.X-CUBE-MEMS1.9.0.0
2021-10-13 20:06:51,840 [WARN] PackLoader:238 - Cannot read IP mode file for STMicroelectronics.X-CUBE-EEPRMA1.3.0.0
2021-10-13 20:06:51,882 [WARN] PackLoader:238 - Cannot read IP mode file for SEGGER.I-CUBE-embOS.1.2.0
2021-10-13 20:06:51,928 [WARN] PackLoader:238 - Cannot read IP mode file for STMicroelectronics.X-CUBE-BLE1.6.2.0
2021-10-13 20:06:51,932 [WARN] PackLoader:238 - Cannot read IP mode file for STMicroelectronics.X-CUBE-BLE1.6.2.1
2021-10-13 20:06:51,937 [WARN] PackLoader:238 - Cannot read IP mode file for STMicroelectronics.X-CUBE-BLE2.3.2.1
2021-10-13 20:06:51,942 [WARN] PackLoader:238 - Cannot read IP mode file for STMicroelectronics.X-CUBE-NFC4.2.0.3
2021-10-13 20:06:51,947 [WARN] PackLoader:238 - Cannot read IP mode file for STMicroelectronics.X-CUBE-NFC4.2.0.2
2021-10-13 20:06:51,953 [WARN] PackLoader:238 - Cannot read IP mode file for STMicroelectronics.X-CUBE-TOUCHGFX.4.17.0
2021-10-13 20:06:51,956 [WARN] PackLoader:238 - Cannot read IP mode file for STMicroelectronics.X-CUBE-BLE2.3.2.0
2021-10-13 20:06:51,961 [WARN] PackLoader:238 - Cannot read IP mode file for STMicroelectronics.X-CUBE-SFXS2LP1.3.1.0
2021-10-13 20:06:51,983 [WARN] PackLoader:238 - Cannot read IP mode file for STMicroelectronics.X-CUBE-AZRTOS-F4.1.0.0
2021-10-13 20:06:52,012 [WARN] PackLoader:238 - Cannot read IP mode file for STMicroelectronics.X-CUBE-AZRTOS-H7.2.0.0
2021-10-13 20:06:52,035 [WARN] PackLoader:238 - Cannot read IP mode file for STMicroelectronics.X-CUBE-AZRTOS-L4.1.0.0
2021-10-13 20:06:52,043 [WARN] PackLoader:238 - Cannot read IP mode file for STMicroelectronics.X-CUBE-TOF1.2.0.0
2021-10-13 20:06:52,054 [WARN] PackLoader:238 - Cannot read IP mode file for STMicroelectronics.X-CUBE-SUBG2.4.0.0
2021-10-13 20:06:52,068 [WARN] PackLoader:238 - Cannot read IP mode file for STMicroelectronics.X-CUBE-SUBG2.4.2.0
2021-10-13 20:06:52,077 [WARN] PackLoader:238 - Cannot read IP mode file for STMicroelectronics.X-CUBE-TOF1.1.0.0
2021-10-13 20:06:52,098 [WARN] PackLoader:238 - Cannot read IP mode file for STMicroelectronics.X-CUBE-AZRTOS-H7.1.0.0
2021-10-13 20:06:52,105 [WARN] PackLoader:238 - Cannot read IP mode file for STMicroelectronics.X-CUBE-ALS.1.0.1
2021-10-13 20:06:52,109 [WARN] PackLoader:238 - Cannot read IP mode file for STMicroelectronics.X-CUBE-AI.7.0.0
2021-10-13 20:06:52,114 [WARN] PackLoader:238 - Cannot read IP mode file for STMicroelectronics.X-CUBE-ALGOBUILD.1.2.1
2021-10-13 20:06:52,160 [WARN] PackLoader:238 - Cannot read IP mode file for STMicroelectronics.X-CUBE-MEMS1.8.3.0
2021-10-13 20:06:52,288 [WARN] PackLoader:238 - Cannot read IP mode file for STMicroelectronics.X-CUBE-DISPLAY.1.0.0
2021-10-13 20:06:52,291 [WARN] PackLoader:238 - Cannot read IP mode file for STMicroelectronics.X-CUBE-AI.6.0.0
2021-10-13 20:06:52,294 [WARN] PackLoader:238 - Cannot read IP mode file for STMicroelectronics.X-CUBE-EEPRMA1.3.1.0
2021-10-13 20:06:52,299 [WARN] PackLoader:238 - Cannot read IP mode file for STMicroelectronics.X-CUBE-ALGOBUILD.1.2.0
2021-10-13 20:06:52,304 [WARN] PackLoader:238 - Cannot read IP mode file for STMicroelectronics.X-CUBE-GNSS1.5.2.0
2021-10-13 20:06:52,309 [WARN] PackLoader:238 - Cannot read IP mode file for wolfSSL.I-CUBE-wolfSSL.4.7.0
2021-10-13 20:06:52,311 [WARN] PackLoader:238 - Cannot read IP mode file for STMicroelectronics.X-CUBE-TOUCHGFX.4.16.1
2021-10-13 20:06:52,311 [INFO] ThirdParty:915 - Integrity check success = true
2021-10-13 20:06:52,311 [INFO] IntegrityCheckThread:94 - exiting critical section [integrity check]
2021-10-13 20:06:52,311 [INFO] IntegrityCheckThread:97 - End integrity checks thread
2021-10-13 20:06:52,311 [INFO] ThirdParty:815 - entering critical section [close project]
2021-10-13 20:06:52,313 [INFO] ThirdParty:825 - exiting critical section [close project]
2021-10-13 20:06:52,317 [INFO] PinOutPanel:1463 - setPackage(No Configuration,No Configuration)
2021-10-13 20:06:52,318 [INFO] UtilMem:74 - Begin LoadConfig() Used Memory: 214628928 Bytes (268435456)
2021-10-13 20:06:52,319 [INFO] MicroXplorer:448 - Change Database Path : 
2021-10-13 20:06:52,319 [INFO] MicroXplorer:478 - Change Database Version : DB.6.0.30
2021-10-13 20:06:52,319 [INFO] OpenFileManager:313 - Change cursor
2021-10-13 20:06:53,683 [INFO] Context:592 - Trying to add GPIOservice into a context  which must be forbidden
2021-10-13 20:06:54,135 [WARN] ApiManager:304 - Cannot register API 'Board Extension:S2868A1' from pack STMicroelectronics.X-CUBE-SFXS2LP1.3.1.0: no header file found
2021-10-13 20:06:54,135 [WARN] ApiManager:304 - Cannot register API 'Board Extension:S2868A2' from pack STMicroelectronics.X-CUBE-SFXS2LP1.3.1.0: no header file found
2021-10-13 20:06:54,135 [WARN] ApiManager:304 - Cannot register API 'Board Extension:S2915A1' from pack STMicroelectronics.X-CUBE-SFXS2LP1.3.1.0: no header file found
2021-10-13 20:06:54,141 [WARN] ApiManager:304 - Cannot register API 'Board Extension:S2868A1' from pack STMicroelectronics.X-CUBE-SFXS2LP1.3.0.0: no header file found
2021-10-13 20:06:54,141 [WARN] ApiManager:304 - Cannot register API 'Board Extension:S2868A2' from pack STMicroelectronics.X-CUBE-SFXS2LP1.3.0.0: no header file found
2021-10-13 20:06:54,142 [WARN] ApiManager:304 - Cannot register API 'Board Extension:S2915A1' from pack STMicroelectronics.X-CUBE-SFXS2LP1.3.0.0: no header file found
2021-10-13 20:06:54,154 [WARN] ModelIntegratedComponent:60 - No mode defined for component null
2021-10-13 20:06:54,154 [WARN] ModelIntegratedComponent:60 - No mode defined for component null
2021-10-13 20:06:54,155 [WARN] ModelIntegratedComponent:60 - No mode defined for component null
2021-10-13 20:06:54,155 [WARN] ModelIntegratedComponent:60 - No mode defined for component null
2021-10-13 20:06:54,155 [WARN] ModelIntegratedComponent:60 - No mode defined for component null
2021-10-13 20:06:54,155 [WARN] ModelIntegratedComponent:60 - No mode defined for component null
2021-10-13 20:06:54,155 [WARN] ModelIntegratedComponent:60 - No mode defined for component null
2021-10-13 20:06:54,155 [WARN] ModelIntegratedComponent:60 - No mode defined for component null
2021-10-13 20:06:54,155 [WARN] ModelIntegratedComponent:60 - No mode defined for component null
2021-10-13 20:06:54,155 [WARN] ModelIntegratedComponent:60 - No mode defined for component null
2021-10-13 20:06:54,155 [WARN] ModelIntegratedComponent:60 - No mode defined for component null
2021-10-13 20:06:54,155 [WARN] ModelIntegratedComponent:60 - No mode defined for component null
2021-10-13 20:06:54,156 [WARN] ModelIntegratedComponent:60 - No mode defined for component null
2021-10-13 20:06:54,156 [WARN] ModelIntegratedComponent:60 - No mode defined for component null
2021-10-13 20:06:54,156 [WARN] ModelIntegratedComponent:60 - No mode defined for component null
2021-10-13 20:06:54,156 [WARN] ModelIntegratedComponent:60 - No mode defined for component null
2021-10-13 20:06:54,156 [WARN] ModelIntegratedComponent:60 - No mode defined for component null
2021-10-13 20:06:54,156 [WARN] ModelIntegratedComponent:60 - No mode defined for component null
2021-10-13 20:06:54,156 [WARN] ModelIntegratedComponent:60 - No mode defined for component null
2021-10-13 20:06:54,156 [WARN] ModelIntegratedComponent:60 - No mode defined for component null
2021-10-13 20:06:54,156 [WARN] ModelIntegratedComponent:60 - No mode defined for component null
2021-10-13 20:06:54,156 [WARN] ModelIntegratedComponent:60 - No mode defined for component null
2021-10-13 20:06:54,157 [WARN] ModelIntegratedComponent:60 - No mode defined for component null
2021-10-13 20:06:54,157 [WARN] ModelIntegratedComponent:60 - No mode defined for component null
2021-10-13 20:06:54,157 [WARN] ModelIntegratedComponent:60 - No mode defined for component null
2021-10-13 20:06:54,157 [WARN] ModelIntegratedComponent:60 - No mode defined for component null
2021-10-13 20:06:54,157 [WARN] ModelIntegratedComponent:60 - No mode defined for component null
2021-10-13 20:06:54,157 [WARN] ModelIntegratedComponent:60 - No mode defined for component null
2021-10-13 20:06:54,157 [WARN] ModelIntegratedComponent:60 - No mode defined for component null
2021-10-13 20:06:54,157 [WARN] ModelIntegratedComponent:60 - No mode defined for component null
2021-10-13 20:06:54,157 [WARN] ModelIntegratedComponent:60 - No mode defined for component null
2021-10-13 20:06:54,162 [WARN] ApiManager:304 - Cannot register API 'Board Extension:S2868A1' from pack STMicroelectronics.X-CUBE-SUBG2.4.1.0: no header file found
2021-10-13 20:06:54,163 [WARN] ApiManager:304 - Cannot register API 'Board Extension:S2868A2' from pack STMicroelectronics.X-CUBE-SUBG2.4.1.0: no header file found
2021-10-13 20:06:54,163 [WARN] ApiManager:304 - Cannot register API 'Board Extension:S2915A1' from pack STMicroelectronics.X-CUBE-SUBG2.4.1.0: no header file found
2021-10-13 20:06:54,328 [WARN] ApiManager:304 - Cannot register API 'Board Extension:IKS01A3' from pack STMicroelectronics.X-CUBE-MEMS1.9.0.0: no header file found
2021-10-13 20:06:54,328 [WARN] ApiManager:304 - Cannot register API 'Board Extension:IKS01A2' from pack STMicroelectronics.X-CUBE-MEMS1.9.0.0: no header file found
2021-10-13 20:06:54,328 [WARN] ApiManager:304 - Cannot register API 'Board Extension:IKS02A1' from pack STMicroelectronics.X-CUBE-MEMS1.9.0.0: no header file found
2021-10-13 20:06:54,339 [WARN] ApiManager:304 - Cannot register API 'Board Extension:S2868A1' from pack STMicroelectronics.X-CUBE-SUBG2.4.0.0: no header file found
2021-10-13 20:06:54,339 [WARN] ApiManager:304 - Cannot register API 'Board Extension:S2868A2' from pack STMicroelectronics.X-CUBE-SUBG2.4.0.0: no header file found
2021-10-13 20:06:54,339 [WARN] ApiManager:304 - Cannot register API 'Board Extension:S2915A1' from pack STMicroelectronics.X-CUBE-SUBG2.4.0.0: no header file found
2021-10-13 20:06:54,343 [WARN] ApiManager:304 - Cannot register API 'Board Extension:S2868A1' from pack STMicroelectronics.X-CUBE-SUBG2.4.2.0: no header file found
2021-10-13 20:06:54,343 [WARN] ApiManager:304 - Cannot register API 'Board Extension:S2868A2' from pack STMicroelectronics.X-CUBE-SUBG2.4.2.0: no header file found
2021-10-13 20:06:54,343 [WARN] ApiManager:304 - Cannot register API 'Board Extension:S2915A1' from pack STMicroelectronics.X-CUBE-SUBG2.4.2.0: no header file found
2021-10-13 20:06:54,351 [WARN] ApiManager:304 - Cannot register API 'Board Extension:EEPRMA1' from pack STMicroelectronics.X-CUBE-EEPRMA1.3.0.0: no header file found
2021-10-13 20:06:54,351 [WARN] ApiManager:304 - Cannot register API 'Board Extension:EEPRMA2' from pack STMicroelectronics.X-CUBE-EEPRMA1.3.0.0: no header file found
2021-10-13 20:06:54,500 [WARN] ApiManager:304 - Cannot register API 'Board Extension:IKS01A3' from pack STMicroelectronics.X-CUBE-MEMS1.8.3.0: no header file found
2021-10-13 20:06:54,500 [WARN] ApiManager:304 - Cannot register API 'Board Extension:IKS01A2' from pack STMicroelectronics.X-CUBE-MEMS1.8.3.0: no header file found
2021-10-13 20:06:54,500 [WARN] ApiManager:304 - Cannot register API 'Board Extension:IKS02A1' from pack STMicroelectronics.X-CUBE-MEMS1.8.3.0: no header file found
2021-10-13 20:06:54,506 [INFO] RtosManager:484 - Registered RTOS mode: class=CMSIS, group=RTOS, mode=CMSIS_V1, owner=FREERTOS
2021-10-13 20:06:54,507 [INFO] RtosManager:484 - Registered RTOS mode: class=CMSIS, group=RTOS2, mode=CMSIS_V2, owner=FREERTOS
2021-10-13 20:06:54,507 [INFO] RtosManager:484 - Registered RTOS mode: class=RTOS, group=Core, mode=CMSIS_V1, owner=FREERTOS
2021-10-13 20:06:54,507 [INFO] RtosManager:484 - Registered RTOS mode: class=RTOS, group=Core, mode=CMSIS_V2, owner=FREERTOS
2021-10-13 20:06:54,507 [WARN] ModelIntegratedComponent:181 - Missing modes for component STMicroelectronics:FreeRTOS:0.0.1:STMicroelectronics:RTOS:FreeRTOS:Core:::10.2.0:
2021-10-13 20:06:54,510 [WARN] ApiManager:304 - Cannot register API 'Board Extension:EEPRMA1' from pack STMicroelectronics.X-CUBE-EEPRMA1.3.1.0: no header file found
2021-10-13 20:06:54,510 [WARN] ApiManager:304 - Cannot register API 'Board Extension:EEPRMA2' from pack STMicroelectronics.X-CUBE-EEPRMA1.3.1.0: no header file found
2021-10-13 20:06:54,511 [WARN] ApiManager:304 - Cannot register API 'Board Extension:GNSS1A1' from pack STMicroelectronics.X-CUBE-GNSS1.5.2.0: no header file found
2021-10-13 20:06:54,511 [WARN] ApiManager:304 - Cannot register API 'Board Support:Custom' from pack STMicroelectronics.X-CUBE-GNSS1.5.2.0: no header file found
2021-10-13 20:06:54,511 [WARN] ApiManager:304 - Cannot register API 'Data Exchange:lib_gnss' from pack STMicroelectronics.X-CUBE-GNSS1.5.2.0: no header file found
2021-10-13 20:06:54,512 [WARN] ApiManager:304 - Cannot register API 'Wireless:BlueNRG-MS' from pack STMicroelectronics.X-CUBE-BLE1.6.2.0: no header file found
2021-10-13 20:06:54,513 [WARN] ApiManager:304 - Cannot register API 'Wireless:BlueNRG-MS' from pack STMicroelectronics.X-CUBE-BLE1.6.2.1: no header file found
2021-10-13 20:06:54,513 [WARN] ApiManager:304 - Cannot register API 'Wireless:BlueNRG-2' from pack STMicroelectronics.X-CUBE-BLE2.3.2.1: no header file found
2021-10-13 20:06:54,514 [WARN] ApiManager:304 - Cannot register API 'Board Extension:NFC04A1' from pack STMicroelectronics.X-CUBE-NFC4.2.0.3: no header file found
2021-10-13 20:06:54,514 [WARN] ApiManager:304 - Cannot register API 'Board Extension:NFC04A1' from pack STMicroelectronics.X-CUBE-NFC4.2.0.2: no header file found
2021-10-13 20:06:54,515 [WARN] ApiManager:304 - Cannot register API 'Wireless:BlueNRG-2' from pack STMicroelectronics.X-CUBE-BLE2.3.2.0: no header file found
2021-10-13 20:06:56,708 [INFO] UtilMem:74 - End LoadConfig() Used Memory: 194440192 Bytes (362807296)
2021-10-13 20:06:56,710 [INFO] DbMcusXml:100 - Load MCU database from C:\ST\STM32CubeIDE_1.6.1\STM32CubeIDE\plugins\com.st.stm32cube.common.mx_6.3.0.202107141111\\db\/mcu/families.xml
2021-10-13 20:06:57,599 [INFO] DbMcusJson:93 - JSON generation date=Mon Jun 07 10:53:21 CEST 2021 (1623056001)
2021-10-13 20:06:58,317 [INFO] DbMcus:175 - Found 1951 MCUs (1903 are supported by CubeMX, 1903 are visible in CubeMX)
2021-10-13 20:06:58,317 [INFO] ApiDb:251 - Load user favorites file C:\Users\Thomas VERNOUX/.stm32cubeide/favorites.mcus.txt: 0 item(s)
2021-10-13 20:06:58,317 [INFO] ApiDb:255 - User favorites MCUs=[]
2021-10-13 20:06:58,318 [INFO] DbMcus:187 - Set 0 / 0 favorites MCUs
2021-10-13 20:06:58,319 [WARN] ThirdParty:779 - waiting for thirdparty lock release [change project]
2021-10-13 20:06:58,319 [INFO] ThirdParty:781 - entering critical section [change project]
2021-10-13 20:06:58,320 [INFO] ThirdParty:967 - CMSIS Pack Vendor :STMicroelectronics X-CUBE-SFXS2LP1 3.1.0
2021-10-13 20:06:58,320 [INFO] ThirdParty:967 - CMSIS Pack Vendor :RoweBots I-CUBE-UNISONRTOS 5.5.0-4
2021-10-13 20:06:58,320 [INFO] ThirdParty:967 - CMSIS Pack Vendor :STMicroelectronics X-CUBE-SFXS2LP1 3.0.0
2021-10-13 20:06:58,320 [INFO] ThirdParty:967 - CMSIS Pack Vendor :STMicroelectronics X-CUBE-AZRTOS-F4 1.0.0
2021-10-13 20:06:58,320 [INFO] ThirdParty:967 - CMSIS Pack Vendor :STMicroelectronics USB_HOST 2.0.0
2021-10-13 20:06:58,320 [INFO] ThirdParty:967 - CMSIS Pack Vendor :STMicroelectronics X-CUBE-AZRTOS-H7 2.0.0
2021-10-13 20:06:58,320 [INFO] ThirdParty:967 - CMSIS Pack Vendor :STMicroelectronics X-CUBE-AZRTOS-L4 1.0.0
2021-10-13 20:06:58,320 [INFO] ThirdParty:967 - CMSIS Pack Vendor :STMicroelectronics USB_DEVICE 3.0.0
2021-10-13 20:06:58,320 [INFO] ThirdParty:967 - CMSIS Pack Vendor :STMicroelectronics X-CUBE-TOF1 2.0.0
2021-10-13 20:06:58,320 [INFO] ThirdParty:967 - CMSIS Pack Vendor :STMicroelectronics HAL Drivers 0.0.0
2021-10-13 20:06:58,320 [INFO] ThirdParty:967 - CMSIS Pack Vendor :STMicroelectronics MBEDTLS 2.16.2
2021-10-13 20:06:58,321 [INFO] ThirdParty:967 - CMSIS Pack Vendor :STMicroelectronics MBEDTLS 2.14.1
2021-10-13 20:06:58,321 [INFO] ThirdParty:967 - CMSIS Pack Vendor :STMicroelectronics X-CUBE-SUBG2 4.1.0
2021-10-13 20:06:58,321 [INFO] ThirdParty:967 - CMSIS Pack Vendor :STMicroelectronics X-CUBE-MEMS1 9.0.0
2021-10-13 20:06:58,321 [INFO] ThirdParty:967 - CMSIS Pack Vendor :STMicroelectronics X-CUBE-SUBG2 4.0.0
2021-10-13 20:06:58,321 [INFO] ThirdParty:967 - CMSIS Pack Vendor :STMicroelectronics X-CUBE-SUBG2 4.2.0
2021-10-13 20:06:58,321 [INFO] ThirdParty:967 - CMSIS Pack Vendor :STMicroelectronics X-CUBE-TOF1 1.0.0
2021-10-13 20:06:58,321 [INFO] ThirdParty:967 - CMSIS Pack Vendor :STMicroelectronics X-CUBE-AZRTOS-H7 1.0.0
2021-10-13 20:06:58,321 [INFO] ThirdParty:967 - CMSIS Pack Vendor :STMicroelectronics X-CUBE-ALS 1.0.1
2021-10-13 20:06:58,321 [INFO] ThirdParty:967 - CMSIS Pack Vendor :STMicroelectronics USB_DEVICE 2.0.0
2021-10-13 20:06:58,321 [INFO] ThirdParty:967 - CMSIS Pack Vendor :STMicroelectronics X-CUBE-AI 7.0.0
2021-10-13 20:06:58,321 [INFO] ThirdParty:967 - CMSIS Pack Vendor :STMicroelectronics X-CUBE-ALGOBUILD 1.2.1
2021-10-13 20:06:58,321 [INFO] ThirdParty:967 - CMSIS Pack Vendor :STMicroelectronics X-CUBE-EEPRMA1 3.0.0
2021-10-13 20:06:58,321 [INFO] ThirdParty:967 - CMSIS Pack Vendor :STMicroelectronics X-CUBE-MEMS1 8.3.0
2021-10-13 20:06:58,322 [INFO] ThirdParty:967 - CMSIS Pack Vendor :STMicroelectronics X-CUBE-DISPLAY 1.0.0
2021-10-13 20:06:58,322 [INFO] ThirdParty:967 - CMSIS Pack Vendor :STMicroelectronics FreeRTOS 0.0.1
2021-10-13 20:06:58,322 [INFO] ThirdParty:967 - CMSIS Pack Vendor :STMicroelectronics USB_DEVICE 1.0.0
2021-10-13 20:06:58,322 [INFO] ThirdParty:967 - CMSIS Pack Vendor :STMicroelectronics X-CUBE-AI 6.0.0
2021-10-13 20:06:58,322 [INFO] ThirdParty:967 - CMSIS Pack Vendor :SEGGER I-CUBE-embOS 1.2.0
2021-10-13 20:06:58,322 [INFO] ThirdParty:967 - CMSIS Pack Vendor :STMicroelectronics X-CUBE-EEPRMA1 3.1.0
2021-10-13 20:06:58,322 [INFO] ThirdParty:967 - CMSIS Pack Vendor :STMicroelectronics X-CUBE-ALGOBUILD 1.2.0
2021-10-13 20:06:58,322 [INFO] ThirdParty:967 - CMSIS Pack Vendor :STMicroelectronics X-CUBE-GNSS1 5.2.0
2021-10-13 20:06:58,322 [INFO] ThirdParty:967 - CMSIS Pack Vendor :STMicroelectronics ThreadX 0.0.2
2021-10-13 20:06:58,322 [INFO] ThirdParty:967 - CMSIS Pack Vendor :STMicroelectronics lwIP 2.0.3
2021-10-13 20:06:58,323 [INFO] ThirdParty:967 - CMSIS Pack Vendor :STMicroelectronics lwIP 2.1.2
2021-10-13 20:06:58,323 [INFO] ThirdParty:967 - CMSIS Pack Vendor :STMicroelectronics X-CUBE-BLE1 6.2.0
2021-10-13 20:06:58,323 [INFO] ThirdParty:967 - CMSIS Pack Vendor :STMicroelectronics X-CUBE-BLE1 6.2.1
2021-10-13 20:06:58,323 [INFO] ThirdParty:967 - CMSIS Pack Vendor :STMicroelectronics X-CUBE-BLE2 3.2.1
2021-10-13 20:06:58,323 [INFO] ThirdParty:967 - CMSIS Pack Vendor :STMicroelectronics USB_HOST 1.0.0
2021-10-13 20:06:58,323 [INFO] ThirdParty:967 - CMSIS Pack Vendor :STMicroelectronics X-CUBE-NFC4 2.0.3
2021-10-13 20:06:58,323 [INFO] ThirdParty:967 - CMSIS Pack Vendor :STMicroelectronics X-CUBE-NFC4 2.0.2
2021-10-13 20:06:58,323 [INFO] ThirdParty:967 - CMSIS Pack Vendor :STMicroelectronics X-CUBE-TOUCHGFX 4.17.0
2021-10-13 20:06:58,323 [INFO] ThirdParty:967 - CMSIS Pack Vendor :wolfSSL I-CUBE-wolfSSL 4.7.0
2021-10-13 20:06:58,323 [INFO] ThirdParty:967 - CMSIS Pack Vendor :STMicroelectronics X-CUBE-TOUCHGFX 4.16.1
2021-10-13 20:06:58,323 [INFO] ThirdParty:967 - CMSIS Pack Vendor :STMicroelectronics PDM2PCM 3.1.0
2021-10-13 20:06:58,323 [INFO] ThirdParty:967 - CMSIS Pack Vendor :STMicroelectronics PDM2PCM 3.2.0
2021-10-13 20:06:58,323 [INFO] ThirdParty:967 - CMSIS Pack Vendor :STMicroelectronics PDM2PCM 3.3.0
2021-10-13 20:06:58,323 [INFO] ThirdParty:967 - CMSIS Pack Vendor :STMicroelectronics X-CUBE-BLE2 3.2.0
2021-10-13 20:06:58,323 [INFO] ThirdParty:787 - exiting critical section [change project]
2021-10-13 20:06:58,715 [INFO] PinOutPanel:1463 - setPackage(No Configuration,No Configuration)
2021-10-13 20:06:58,716 [INFO] PinOutPanel:1463 - setPackage(STM32F072RBTx,LQFP64)
2021-10-13 20:06:59,477 [INFO] UtilMem:74 - Before build in PCC Used Memory: 366992288 Bytes (495976448)
2021-10-13 20:07:00,103 [INFO] UtilMem:74 - After build in PCC Used Memory: 284827736 Bytes (495976448)
2021-10-13 20:07:00,141 [INFO] IPUIPlugin:74 - create IPUIPlugin
2021-10-13 20:07:00,141 [INFO] IPUIPlugin:74 - create IPUIPlugin
2021-10-13 20:07:00,141 [INFO] IPUIPlugin:74 - create IPUIPlugin
2021-10-13 20:07:00,141 [INFO] IPUIPlugin:74 - create IPUIPlugin
2021-10-13 20:07:00,142 [INFO] IPUIPlugin:74 - create IPUIPlugin
2021-10-13 20:07:00,142 [INFO] IPUIPlugin:74 - create IPUIPlugin
2021-10-13 20:07:00,142 [INFO] IPUIPlugin:74 - create IPUIPlugin
2021-10-13 20:07:00,142 [INFO] IPUIPlugin:74 - create IPUIPlugin
2021-10-13 20:07:00,143 [INFO] IPUIPlugin:74 - create IPUIPlugin
2021-10-13 20:07:00,143 [INFO] IPUIPlugin:74 - create IPUIPlugin
2021-10-13 20:07:00,143 [INFO] IPUIPlugin:74 - create IPUIPlugin
2021-10-13 20:07:00,143 [INFO] IPUIPlugin:74 - create IPUIPlugin
2021-10-13 20:07:00,143 [INFO] IPUIPlugin:74 - create IPUIPlugin
2021-10-13 20:07:00,144 [INFO] IPUIPlugin:74 - create IPUIPlugin
2021-10-13 20:07:00,144 [INFO] IPUIPlugin:74 - create IPUIPlugin
2021-10-13 20:07:00,144 [INFO] IPUIPlugin:74 - create IPUIPlugin
2021-10-13 20:07:00,144 [INFO] IPUIPlugin:74 - create IPUIPlugin
2021-10-13 20:07:00,145 [INFO] IPUIPlugin:74 - create IPUIPlugin
2021-10-13 20:07:00,145 [INFO] IPUIPlugin:74 - create IPUIPlugin
2021-10-13 20:07:00,145 [INFO] IPUIPlugin:74 - create IPUIPlugin
2021-10-13 20:07:00,146 [INFO] IPUIPlugin:74 - create IPUIPlugin
2021-10-13 20:07:00,146 [INFO] IPUIPlugin:74 - create IPUIPlugin
2021-10-13 20:07:00,147 [INFO] IPUIPlugin:74 - create IPUIPlugin
2021-10-13 20:07:00,147 [INFO] IPUIPlugin:74 - create IPUIPlugin
2021-10-13 20:07:00,147 [INFO] IPUIPlugin:74 - create IPUIPlugin
2021-10-13 20:07:00,148 [INFO] IPUIPlugin:74 - create IPUIPlugin
2021-10-13 20:07:00,148 [INFO] IPUIPlugin:74 - create IPUIPlugin
2021-10-13 20:07:00,148 [INFO] IPUIPlugin:74 - create IPUIPlugin
2021-10-13 20:07:00,149 [INFO] IPUIPlugin:74 - create IPUIPlugin
2021-10-13 20:07:00,149 [INFO] IPUIPlugin:74 - create IPUIPlugin
2021-10-13 20:07:00,150 [INFO] IPUIPlugin:74 - create IPUIPlugin
2021-10-13 20:07:00,150 [INFO] IPUIPlugin:74 - create IPUIPlugin
2021-10-13 20:07:00,151 [INFO] IPUIPlugin:74 - create IPUIPlugin
2021-10-13 20:07:00,151 [INFO] IPUIPlugin:74 - create IPUIPlugin
2021-10-13 20:07:00,152 [INFO] IPUIPlugin:74 - create IPUIPlugin
2021-10-13 20:07:00,152 [INFO] IPUIPlugin:74 - create IPUIPlugin
2021-10-13 20:07:00,153 [INFO] IPUIPlugin:74 - create IPUIPlugin
2021-10-13 20:07:00,153 [INFO] IPUIPlugin:74 - create IPUIPlugin
2021-10-13 20:07:00,154 [INFO] IPUIPlugin:74 - create IPUIPlugin
2021-10-13 20:07:00,155 [INFO] IPUIPlugin:74 - create IPUIPlugin
2021-10-13 20:07:00,155 [INFO] IPUIPlugin:74 - create IPUIPlugin
2021-10-13 20:07:00,284 [INFO] OpenFileManager:333 - Restore cursor
2021-10-16 12:53:29,971 [INFO] Activator:177 - 


2021-10-16 12:53:29,985 [INFO] Activator:178 - !SESSION log4j initialized
2021-10-16 12:54:30,561 [INFO] Activator:177 - 


2021-10-16 12:54:30,561 [INFO] Activator:178 - !SESSION log4j initialized
