2021-10-16 13:06:17,470 [INFO] Activator:177 - 


2021-10-16 13:06:17,479 [INFO] Activator:178 - !SESSION log4j initialized
2021-10-16 13:06:36,031 [INFO] McuFinderGlobals:39 - Set McuFinder mode to 2 (CubeIDE integrated)
2021-10-16 13:06:38,269 [INFO] ApplicationProperties:181 - Using Application install path: C:\ST\STM32CubeIDE_1.6.1\STM32CubeIDE\plugins\com.st.stm32cube.common.mx_6.3.0.202107141111
2021-10-16 13:06:38,279 [INFO] DbMcusXml:74 - Set database path to: C:\ST\STM32CubeIDE_1.6.1\STM32CubeIDE\plugins\com.st.stm32cube.common.mx_6.3.0.202107141111\\db\/mcu/
2021-10-16 13:06:38,283 [INFO] DbBoardsPdsc:56 - Set plugin database path to: C:\ST\STM32CubeIDE_1.6.1\STM32CubeIDE\plugins\com.st.stm32cube.common.mx_6.3.0.202107141111\\db\/plugins/boardmanager/
2021-10-16 13:06:38,284 [INFO] DbMcus:258 - Set plugin images path to: C:\ST\STM32CubeIDE_1.6.1\STM32CubeIDE\plugins\com.st.stm32cube.common.mx_6.3.0.202107141111\\db\/plugins/mcufinder/images/
2021-10-16 13:06:38,285 [INFO] DbBoards:264 - Set plugin images path to: C:\ST\STM32CubeIDE_1.6.1\STM32CubeIDE\plugins\com.st.stm32cube.common.mx_6.3.0.202107141111\\db\/plugins/mcufinder/images/
2021-10-16 13:06:38,287 [INFO] DbExamples:333 - Set plugin images path to: C:\ST\STM32CubeIDE_1.6.1\STM32CubeIDE\plugins\com.st.stm32cube.common.mx_6.3.0.202107141111\\db\/plugins/mcufinder/images/
2021-10-16 13:06:38,291 [INFO] DbMcusAds:119 - Set database path to: C:\Users\Thomas VERNOUX\.stmcufinder\plugins\mcufinder//mcu/
2021-10-16 13:06:38,292 [INFO] DbMcusDocs:110 - Set database path to: C:\Users\Thomas VERNOUX\.stmcufinder\plugins\mcufinder//mcu/
2021-10-16 13:06:38,294 [INFO] DbMcusJson:64 - Set database path to: C:\Users\Thomas VERNOUX\.stmcufinder\plugins\mcufinder//mcu/
2021-10-16 13:06:38,295 [INFO] DbBoardsDocs:110 - Set database path to: C:\Users\Thomas VERNOUX\.stmcufinder\plugins\mcufinder//mcu/
2021-10-16 13:06:38,296 [INFO] DbBoardsJson:57 - Set database path to: C:\Users\Thomas VERNOUX\.stmcufinder\plugins\mcufinder//mcu/
2021-10-16 13:06:38,304 [INFO] CrossReferenceDbSqlite:196 - Set database path to: C:\Users\Thomas VERNOUX\.stmcufinder\plugins\mcufinder//mcu/cs/
2021-10-16 13:06:38,307 [INFO] DbExamplesSqlite:767 - Set database path to: C:\Users\Thomas VERNOUX\.stmcufinder\plugins\mcufinder//mcu/
2021-10-16 13:06:38,402 [INFO] RulesReader:57 - Compatibility file has been processed (242 Rules)
2021-10-16 13:06:38,482 [INFO] DbMcusXml:74 - Set database path to: C:\ST\STM32CubeIDE_1.6.1\STM32CubeIDE\plugins\com.st.stm32cube.common.mx_6.3.0.202107141111\\db\/mcu/
2021-10-16 13:06:38,482 [INFO] DbBoardsPdsc:56 - Set plugin database path to: C:\ST\STM32CubeIDE_1.6.1\STM32CubeIDE\plugins\com.st.stm32cube.common.mx_6.3.0.202107141111\\db\/plugins/boardmanager/
2021-10-16 13:06:38,482 [INFO] DbMcus:258 - Set plugin images path to: C:\ST\STM32CubeIDE_1.6.1\STM32CubeIDE\plugins\com.st.stm32cube.common.mx_6.3.0.202107141111\\db\/plugins/mcufinder/images/
2021-10-16 13:06:38,482 [INFO] DbBoards:264 - Set plugin images path to: C:\ST\STM32CubeIDE_1.6.1\STM32CubeIDE\plugins\com.st.stm32cube.common.mx_6.3.0.202107141111\\db\/plugins/mcufinder/images/
2021-10-16 13:06:38,482 [INFO] DbExamples:333 - Set plugin images path to: C:\ST\STM32CubeIDE_1.6.1\STM32CubeIDE\plugins\com.st.stm32cube.common.mx_6.3.0.202107141111\\db\/plugins/mcufinder/images/
2021-10-16 13:06:38,482 [WARN] DbFile:35 - Overriding database path with different value: C:\Users\Thomas VERNOUX\.stmcufinder\plugins\mcufinder/ => C:\Users\Thomas VERNOUX\.stmcufinder\plugins\mcufinder
2021-10-16 13:06:38,482 [INFO] DbMcusAds:119 - Set database path to: C:\Users\Thomas VERNOUX\.stmcufinder\plugins\mcufinder//mcu/
2021-10-16 13:06:38,482 [WARN] DbFile:35 - Overriding database path with different value: C:\Users\Thomas VERNOUX\.stmcufinder\plugins\mcufinder/ => C:\Users\Thomas VERNOUX\.stmcufinder\plugins\mcufinder
2021-10-16 13:06:38,482 [INFO] DbMcusDocs:110 - Set database path to: C:\Users\Thomas VERNOUX\.stmcufinder\plugins\mcufinder//mcu/
2021-10-16 13:06:38,482 [WARN] DbFile:35 - Overriding database path with different value: C:\Users\Thomas VERNOUX\.stmcufinder\plugins\mcufinder/ => C:\Users\Thomas VERNOUX\.stmcufinder\plugins\mcufinder
2021-10-16 13:06:38,482 [INFO] DbMcusJson:64 - Set database path to: C:\Users\Thomas VERNOUX\.stmcufinder\plugins\mcufinder//mcu/
2021-10-16 13:06:38,490 [WARN] DbFile:35 - Overriding database path with different value: C:\Users\Thomas VERNOUX\.stmcufinder\plugins\mcufinder/ => C:\Users\Thomas VERNOUX\.stmcufinder\plugins\mcufinder
2021-10-16 13:06:38,490 [INFO] DbBoardsDocs:110 - Set database path to: C:\Users\Thomas VERNOUX\.stmcufinder\plugins\mcufinder//mcu/
2021-10-16 13:06:38,490 [WARN] DbFile:35 - Overriding database path with different value: C:\Users\Thomas VERNOUX\.stmcufinder\plugins\mcufinder/ => C:\Users\Thomas VERNOUX\.stmcufinder\plugins\mcufinder
2021-10-16 13:06:38,490 [INFO] DbBoardsJson:57 - Set database path to: C:\Users\Thomas VERNOUX\.stmcufinder\plugins\mcufinder//mcu/
2021-10-16 13:06:38,490 [WARN] DbFile:35 - Overriding database path with different value: C:\Users\Thomas VERNOUX\.stmcufinder\plugins\mcufinder/ => C:\Users\Thomas VERNOUX\.stmcufinder\plugins\mcufinder
2021-10-16 13:06:38,490 [WARN] DbFile:35 - Overriding database path with different value: C:\Users\Thomas VERNOUX\.stmcufinder\plugins\mcufinder/ => C:\Users\Thomas VERNOUX\.stmcufinder\plugins\mcufinder
2021-10-16 13:06:38,490 [INFO] CrossReferenceDbSqlite:196 - Set database path to: C:\Users\Thomas VERNOUX\.stmcufinder\plugins\mcufinder//mcu/cs/
2021-10-16 13:06:38,490 [WARN] DbFile:35 - Overriding database path with different value: C:\Users\Thomas VERNOUX\.stmcufinder\plugins\mcufinder/ => C:\Users\Thomas VERNOUX\.stmcufinder\plugins\mcufinder
2021-10-16 13:06:38,490 [INFO] DbExamplesSqlite:767 - Set database path to: C:\Users\Thomas VERNOUX\.stmcufinder\plugins\mcufinder//mcu/
2021-10-16 13:06:38,552 [INFO] MainPanel:214 - HeapMemory: 268435456
2021-10-16 13:06:38,620 [INFO] DbMcusXml:74 - Set database path to: C:\ST\STM32CubeIDE_1.6.1\STM32CubeIDE\plugins\com.st.stm32cube.common.mx_6.3.0.202107141111\\db\/mcu/
2021-10-16 13:06:38,620 [INFO] DbBoardsPdsc:56 - Set plugin database path to: C:\ST\STM32CubeIDE_1.6.1\STM32CubeIDE\plugins\com.st.stm32cube.common.mx_6.3.0.202107141111\\db\/plugins/boardmanager/
2021-10-16 13:06:38,622 [INFO] DbMcus:258 - Set plugin images path to: C:\ST\STM32CubeIDE_1.6.1\STM32CubeIDE\plugins\com.st.stm32cube.common.mx_6.3.0.202107141111\\db\/plugins/mcufinder/images/
2021-10-16 13:06:38,622 [INFO] DbBoards:264 - Set plugin images path to: C:\ST\STM32CubeIDE_1.6.1\STM32CubeIDE\plugins\com.st.stm32cube.common.mx_6.3.0.202107141111\\db\/plugins/mcufinder/images/
2021-10-16 13:06:38,622 [INFO] DbExamples:333 - Set plugin images path to: C:\ST\STM32CubeIDE_1.6.1\STM32CubeIDE\plugins\com.st.stm32cube.common.mx_6.3.0.202107141111\\db\/plugins/mcufinder/images/
2021-10-16 13:06:38,622 [WARN] DbFile:35 - Overriding database path with different value: C:\Users\Thomas VERNOUX\.stmcufinder\plugins\mcufinder/ => C:\Users\Thomas VERNOUX\.stmcufinder\plugins\mcufinder
2021-10-16 13:06:38,622 [INFO] DbMcusAds:119 - Set database path to: C:\Users\Thomas VERNOUX\.stmcufinder\plugins\mcufinder//mcu/
2021-10-16 13:06:38,622 [WARN] DbFile:35 - Overriding database path with different value: C:\Users\Thomas VERNOUX\.stmcufinder\plugins\mcufinder/ => C:\Users\Thomas VERNOUX\.stmcufinder\plugins\mcufinder
2021-10-16 13:06:38,622 [INFO] DbMcusDocs:110 - Set database path to: C:\Users\Thomas VERNOUX\.stmcufinder\plugins\mcufinder//mcu/
2021-10-16 13:06:38,622 [WARN] DbFile:35 - Overriding database path with different value: C:\Users\Thomas VERNOUX\.stmcufinder\plugins\mcufinder/ => C:\Users\Thomas VERNOUX\.stmcufinder\plugins\mcufinder
2021-10-16 13:06:38,622 [INFO] DbMcusJson:64 - Set database path to: C:\Users\Thomas VERNOUX\.stmcufinder\plugins\mcufinder//mcu/
2021-10-16 13:06:38,622 [WARN] DbFile:35 - Overriding database path with different value: C:\Users\Thomas VERNOUX\.stmcufinder\plugins\mcufinder/ => C:\Users\Thomas VERNOUX\.stmcufinder\plugins\mcufinder
2021-10-16 13:06:38,622 [INFO] DbBoardsDocs:110 - Set database path to: C:\Users\Thomas VERNOUX\.stmcufinder\plugins\mcufinder//mcu/
2021-10-16 13:06:38,622 [WARN] DbFile:35 - Overriding database path with different value: C:\Users\Thomas VERNOUX\.stmcufinder\plugins\mcufinder/ => C:\Users\Thomas VERNOUX\.stmcufinder\plugins\mcufinder
2021-10-16 13:06:38,622 [INFO] DbBoardsJson:57 - Set database path to: C:\Users\Thomas VERNOUX\.stmcufinder\plugins\mcufinder//mcu/
2021-10-16 13:06:38,622 [WARN] DbFile:35 - Overriding database path with different value: C:\Users\Thomas VERNOUX\.stmcufinder\plugins\mcufinder/ => C:\Users\Thomas VERNOUX\.stmcufinder\plugins\mcufinder
2021-10-16 13:06:38,622 [WARN] DbFile:35 - Overriding database path with different value: C:\Users\Thomas VERNOUX\.stmcufinder\plugins\mcufinder/ => C:\Users\Thomas VERNOUX\.stmcufinder\plugins\mcufinder
2021-10-16 13:06:38,622 [INFO] CrossReferenceDbSqlite:196 - Set database path to: C:\Users\Thomas VERNOUX\.stmcufinder\plugins\mcufinder//mcu/cs/
2021-10-16 13:06:38,622 [WARN] DbFile:35 - Overriding database path with different value: C:\Users\Thomas VERNOUX\.stmcufinder\plugins\mcufinder/ => C:\Users\Thomas VERNOUX\.stmcufinder\plugins\mcufinder
2021-10-16 13:06:38,622 [INFO] DbExamplesSqlite:767 - Set database path to: C:\Users\Thomas VERNOUX\.stmcufinder\plugins\mcufinder//mcu/
2021-10-16 13:06:38,641 [INFO] ApplicationProperties:181 - Using Application install path: C:\ST\STM32CubeIDE_1.6.1\STM32CubeIDE\plugins\com.st.stm32cube.common.mx_6.3.0.202107141111
2021-10-16 13:06:38,641 [INFO] PluginManage:188 - Search for loadable plugins [exclusion list=, ]
2021-10-16 13:06:38,641 [INFO] PluginManage:302 - Check plugin analytics
2021-10-16 13:06:43,351 [INFO] AnalyticsPlugin:257 - Accepted Software Licenses: STM32CubeMX.6.2.1
2021-10-16 13:06:43,351 [INFO] AnalyticsPlugin:259 - Accepted CMSIS Pack Licenses: 
2021-10-16 13:06:43,351 [INFO] AnalyticsPlugin:261 - Accepted Firmware Licenses: 
2021-10-16 13:06:43,351 [INFO] PluginManage:352 - Loaded plugin analytics (category:tool,tabindex:-1)
2021-10-16 13:06:43,351 [INFO] PluginManage:302 - Check plugin clock
2021-10-16 13:06:43,360 [INFO] PluginManage:352 - Loaded plugin clock (category:base,tabindex:2)
2021-10-16 13:06:43,360 [INFO] PluginManage:302 - Check plugin ddr
2021-10-16 13:06:43,372 [INFO] PluginManage:352 - Loaded plugin ddr (category:tool,tabindex:6)
2021-10-16 13:06:43,372 [INFO] PluginManage:302 - Check plugin filemanager
2021-10-16 13:06:43,514 [INFO] PluginManage:352 - Loaded plugin filemanager (category:base,tabindex:10)
2021-10-16 13:06:43,515 [INFO] PluginManage:302 - Check plugin ipmanager
2021-10-16 13:06:43,526 [INFO] PluginManage:352 - Loaded plugin ipmanager (category:base,tabindex:5)
2021-10-16 13:06:43,526 [INFO] PluginManage:302 - Check plugin pinoutandconfiguration
2021-10-16 13:06:43,536 [INFO] PluginManage:352 - Loaded plugin pinoutandconfiguration (category:base,tabindex:1)
2021-10-16 13:06:43,536 [INFO] PluginManage:302 - Check plugin pinoutconfig
2021-10-16 13:06:43,561 [INFO] PluginManage:352 - Loaded plugin pinoutconfig (category:base,tabindex:0)
2021-10-16 13:06:43,561 [INFO] PluginManage:302 - Check plugin power
2021-10-16 13:06:43,572 [INFO] PluginManage:352 - Loaded plugin power (category:power,tabindex:4)
2021-10-16 13:06:43,572 [INFO] PluginManage:302 - Check plugin projectmanager
2021-10-16 13:06:43,592 [INFO] PluginManage:352 - Loaded plugin projectmanager (category:projectmanager,tabindex:3)
2021-10-16 13:06:43,592 [INFO] PluginManage:302 - Check plugin thirdparty
2021-10-16 13:06:43,710 [WARN] IntegrityCheckThread:78 - waiting for thirdparty lock release [integrity check]
2021-10-16 13:06:43,710 [INFO] PluginManage:352 - Loaded plugin thirdparty (category:base,tabindex:-1)
2021-10-16 13:06:43,710 [INFO] IntegrityCheckThread:80 - entering critical section [integrity check]
2021-10-16 13:06:43,710 [INFO] PluginManage:302 - Check plugin tools
2021-10-16 13:06:43,710 [INFO] ThirdPartyUpdaterWithRetryManager:66 - Updater plugin not ready yet. [1/15]
2021-10-16 13:06:43,710 [INFO] PluginManage:352 - Loaded plugin tools (category:base,tabindex:7)
2021-10-16 13:06:43,710 [INFO] PluginManage:302 - Check plugin tutovideos
2021-10-16 13:06:43,912 [INFO] PluginManage:352 - Loaded plugin tutovideos (category:base,tabindex:-1)
2021-10-16 13:06:43,912 [INFO] PluginManage:302 - Check plugin updater
2021-10-16 13:06:43,930 [INFO] PluginManage:352 - Loaded plugin updater (category:base,tabindex:12)
2021-10-16 13:06:43,931 [INFO] PluginManage:275 - PluginManage : Loaded plugins [13]
2021-10-16 13:06:44,100 [INFO] PinOutPanel:1463 - setPackage(No Configuration,No Configuration)
2021-10-16 13:06:44,181 [INFO] IPUIPlugin:74 - create IPUIPlugin
2021-10-16 13:06:44,181 [INFO] PluginManager:213 - loadIPPluginJar : add adc
2021-10-16 13:06:44,190 [INFO] IPUIPlugin:74 - create IPUIPlugin
2021-10-16 13:06:44,190 [INFO] PluginManager:213 - loadIPPluginJar : add aes
2021-10-16 13:06:44,190 [INFO] IPUIPlugin:74 - create IPUIPlugin
2021-10-16 13:06:44,190 [INFO] PluginManager:213 - loadIPPluginJar : add can
2021-10-16 13:06:44,194 [INFO] IPUIPlugin:74 - create IPUIPlugin
2021-10-16 13:06:44,194 [INFO] PluginManager:213 - loadIPPluginJar : add comp
2021-10-16 13:06:44,194 [INFO] IPUIPlugin:74 - create IPUIPlugin
2021-10-16 13:06:44,194 [INFO] PluginManager:213 - loadIPPluginJar : add cryp
2021-10-16 13:06:44,194 [INFO] IPUIPlugin:74 - create IPUIPlugin
2021-10-16 13:06:44,194 [INFO] PluginManager:213 - loadIPPluginJar : add dfsdm
2021-10-16 13:06:44,202 [INFO] IPUIPlugin:74 - create IPUIPlugin
2021-10-16 13:06:44,202 [INFO] PluginManager:213 - loadIPPluginJar : add dma
2021-10-16 13:06:44,202 [INFO] IPUIPlugin:74 - create IPUIPlugin
2021-10-16 13:06:44,202 [INFO] PluginManager:213 - loadIPPluginJar : add dma3
2021-10-16 13:06:44,210 [INFO] IPUIPlugin:74 - create IPUIPlugin
2021-10-16 13:06:44,210 [INFO] PluginManager:213 - loadIPPluginJar : add fatfs
2021-10-16 13:06:44,211 [INFO] IPUIPlugin:74 - create IPUIPlugin
2021-10-16 13:06:44,211 [INFO] PluginManager:213 - loadIPPluginJar : add fmc
2021-10-16 13:06:44,211 [INFO] IPUIPlugin:74 - create IPUIPlugin
2021-10-16 13:06:44,211 [INFO] PluginManager:213 - loadIPPluginJar : add freertos
2021-10-16 13:06:44,220 [INFO] IPUIPlugin:74 - create IPUIPlugin
2021-10-16 13:06:44,221 [INFO] PluginManager:213 - loadIPPluginJar : add genericplugin
2021-10-16 13:06:44,221 [INFO] IPUIPlugin:74 - create IPUIPlugin
2021-10-16 13:06:44,221 [INFO] PluginManager:213 - loadIPPluginJar : add gfxmmu
2021-10-16 13:06:44,221 [INFO] IPUIPlugin:74 - create IPUIPlugin
2021-10-16 13:06:44,221 [INFO] PluginManager:213 - loadIPPluginJar : add gic
2021-10-16 13:06:44,230 [INFO] IPUIPlugin:74 - create IPUIPlugin
2021-10-16 13:06:44,230 [INFO] PluginManager:213 - loadIPPluginJar : add gpio
2021-10-16 13:06:44,234 [INFO] IPUIPlugin:74 - create IPUIPlugin
2021-10-16 13:06:44,234 [INFO] PluginManager:213 - loadIPPluginJar : add gtzc
2021-10-16 13:06:44,234 [INFO] IPUIPlugin:74 - create IPUIPlugin
2021-10-16 13:06:44,234 [INFO] PluginManager:213 - loadIPPluginJar : add hash
2021-10-16 13:06:44,239 [INFO] IPUIPlugin:74 - create IPUIPlugin
2021-10-16 13:06:44,239 [INFO] PluginManager:213 - loadIPPluginJar : add i2c
2021-10-16 13:06:44,242 [INFO] IPUIPlugin:74 - create IPUIPlugin
2021-10-16 13:06:44,242 [INFO] PluginManager:213 - loadIPPluginJar : add i2s
2021-10-16 13:06:44,242 [INFO] IPUIPlugin:74 - create IPUIPlugin
2021-10-16 13:06:44,242 [INFO] PluginManager:213 - loadIPPluginJar : add ipddr
2021-10-16 13:06:44,250 [INFO] IPUIPlugin:74 - create IPUIPlugin
2021-10-16 13:06:44,251 [INFO] PluginManager:213 - loadIPPluginJar : add linkedlist
2021-10-16 13:06:44,251 [INFO] IPUIPlugin:74 - create IPUIPlugin
2021-10-16 13:06:44,251 [INFO] PluginManager:213 - loadIPPluginJar : add lorawan
2021-10-16 13:06:44,251 [INFO] IPUIPlugin:74 - create IPUIPlugin
2021-10-16 13:06:44,251 [INFO] PluginManager:213 - loadIPPluginJar : add ltdc
2021-10-16 13:06:44,251 [INFO] IPUIPlugin:74 - create IPUIPlugin
2021-10-16 13:06:44,251 [INFO] PluginManager:213 - loadIPPluginJar : add mdma
2021-10-16 13:06:44,262 [INFO] IPUIPlugin:74 - create IPUIPlugin
2021-10-16 13:06:44,263 [INFO] PluginManager:213 - loadIPPluginJar : add nvic
2021-10-16 13:06:44,267 [INFO] IPUIPlugin:74 - create IPUIPlugin
2021-10-16 13:06:44,267 [INFO] PluginManager:213 - loadIPPluginJar : add opamp
2021-10-16 13:06:44,271 [INFO] IPUIPlugin:74 - create IPUIPlugin
2021-10-16 13:06:44,272 [INFO] PluginManager:213 - loadIPPluginJar : add openamp
2021-10-16 13:06:44,274 [INFO] IPUIPlugin:74 - create IPUIPlugin
2021-10-16 13:06:44,275 [INFO] PluginManager:213 - loadIPPluginJar : add pdm2pcm
2021-10-16 13:06:44,281 [INFO] IPUIPlugin:74 - create IPUIPlugin
2021-10-16 13:06:44,284 [INFO] PluginManager:213 - loadIPPluginJar : add plateformsettings
2021-10-16 13:06:44,285 [INFO] IPUIPlugin:74 - create IPUIPlugin
2021-10-16 13:06:44,286 [INFO] PluginManager:213 - loadIPPluginJar : add quadspi
2021-10-16 13:06:44,289 [INFO] IPUIPlugin:74 - create IPUIPlugin
2021-10-16 13:06:44,289 [INFO] PluginManager:213 - loadIPPluginJar : add resmgrutility
2021-10-16 13:06:44,292 [INFO] IPUIPlugin:74 - create IPUIPlugin
2021-10-16 13:06:44,292 [INFO] PluginManager:213 - loadIPPluginJar : add sai
2021-10-16 13:06:44,294 [INFO] IPUIPlugin:74 - create IPUIPlugin
2021-10-16 13:06:44,294 [INFO] PluginManager:213 - loadIPPluginJar : add spi
2021-10-16 13:06:44,298 [INFO] IPUIPlugin:74 - create IPUIPlugin
2021-10-16 13:06:44,299 [INFO] PluginManager:213 - loadIPPluginJar : add stm32_wpan
2021-10-16 13:06:44,300 [INFO] IPUIPlugin:74 - create IPUIPlugin
2021-10-16 13:06:44,300 [INFO] PluginManager:213 - loadIPPluginJar : add tim
2021-10-16 13:06:44,303 [INFO] IPUIPlugin:74 - create IPUIPlugin
2021-10-16 13:06:44,303 [INFO] PluginManager:213 - loadIPPluginJar : add touchsensing
2021-10-16 13:06:44,304 [INFO] IPUIPlugin:74 - create IPUIPlugin
2021-10-16 13:06:44,304 [INFO] PluginManager:213 - loadIPPluginJar : add tracer_emb
2021-10-16 13:06:44,304 [INFO] IPUIPlugin:74 - create IPUIPlugin
2021-10-16 13:06:44,304 [INFO] PluginManager:213 - loadIPPluginJar : add ts
2021-10-16 13:06:44,304 [INFO] IPUIPlugin:74 - create IPUIPlugin
2021-10-16 13:06:44,304 [INFO] PluginManager:213 - loadIPPluginJar : add tsc
2021-10-16 13:06:44,311 [INFO] IPUIPlugin:74 - create IPUIPlugin
2021-10-16 13:06:44,311 [INFO] PluginManager:213 - loadIPPluginJar : add ucpd
2021-10-16 13:06:44,312 [INFO] IPUIPlugin:74 - create IPUIPlugin
2021-10-16 13:06:44,312 [INFO] PluginManager:213 - loadIPPluginJar : add usart
2021-10-16 13:06:44,312 [INFO] IPUIPlugin:74 - create IPUIPlugin
2021-10-16 13:06:44,312 [INFO] PluginManager:213 - loadIPPluginJar : add usbx
2021-10-16 13:06:44,621 [FATAL] Updater:294 - Updater called before beeing initialized
2021-10-16 13:06:44,750 [FATAL] Updater:294 - Updater called before beeing initialized
2021-10-16 13:06:44,751 [INFO] DbMcusAds:47 - JSON generation date=Thu Sep 30 08:55:09 CEST 2021 (1632984909289)
2021-10-16 13:06:44,751 [FATAL] Updater:294 - Updater called before beeing initialized
2021-10-16 13:06:44,797 [WARN] DetailPanel:314 - Failed to get advertising image, set to default
2021-10-16 13:06:44,891 [FATAL] Updater:294 - Updater called before beeing initialized
2021-10-16 13:06:44,899 [FATAL] Updater:294 - Updater called before beeing initialized
2021-10-16 13:06:44,899 [FATAL] Updater:294 - Updater called before beeing initialized
2021-10-16 13:06:44,900 [WARN] DetailPanel:314 - Failed to get advertising image, set to default
2021-10-16 13:06:44,900 [FATAL] Updater:294 - Updater called before beeing initialized
2021-10-16 13:06:44,942 [ERROR] Updater:1075 - MainUpdater not yet initialized. External WinMGr cannot be set.
2021-10-16 13:06:44,950 [INFO] Updater:1012 - Updater Version found : 6.3.0
2021-10-16 13:06:44,961 [INFO] ApplicationProperties:181 - Using Application install path: C:\ST\STM32CubeIDE_1.6.1\STM32CubeIDE\plugins\com.st.stm32cube.common.mx_6.3.0.202107141111
2021-10-16 13:06:45,081 [INFO] MainUpdater:2671 - connection check result : 10
2021-10-16 13:06:45,081 [INFO] MainUpdater:265 - Updater Check For Update Now.
2021-10-16 13:06:45,081 [INFO] MicroXplorer:478 - Change Database Version : DB.6.0.30
2021-10-16 13:06:45,232 [INFO] CheckServerUpdateThread:112 - End of CheckServer Thread
2021-10-16 13:06:45,310 [INFO] MainUpdater:2671 - connection check result : 10
2021-10-16 13:06:45,311 [INFO] MainUpdater:2671 - connection check result : 10
2021-10-16 13:06:45,401 [INFO] MicroXplorer:448 - Change Database Path : 
2021-10-16 13:06:45,401 [INFO] MicroXplorer:478 - Change Database Version : DB.6.0.30
2021-10-16 13:06:45,401 [WARN] ThirdParty:813 - waiting for thirdparty lock release [close project]
2021-10-16 13:06:46,881 [WARN] PackLoader:238 - Cannot read IP mode file for RoweBots.I-CUBE-UNISONRTOS.5.5.0-4
2021-10-16 13:06:46,900 [WARN] PackLoader:238 - Cannot read IP mode file for STMicroelectronics.X-CUBE-SFXS2LP1.3.0.0
2021-10-16 13:06:46,930 [WARN] PackLoader:238 - Cannot read IP mode file for STMicroelectronics.X-CUBE-SUBG2.4.1.0
2021-10-16 13:06:47,022 [WARN] PackLoader:238 - Cannot read IP mode file for STMicroelectronics.X-CUBE-MEMS1.9.0.0
2021-10-16 13:06:47,181 [WARN] PackLoader:238 - Cannot read IP mode file for STMicroelectronics.X-CUBE-EEPRMA1.3.0.0
2021-10-16 13:06:47,230 [WARN] PackLoader:238 - Cannot read IP mode file for SEGGER.I-CUBE-embOS.1.2.0
2021-10-16 13:06:47,305 [WARN] PackLoader:238 - Cannot read IP mode file for STMicroelectronics.X-CUBE-BLE1.6.2.0
2021-10-16 13:06:47,310 [WARN] PackLoader:238 - Cannot read IP mode file for STMicroelectronics.X-CUBE-BLE1.6.2.1
2021-10-16 13:06:47,314 [WARN] PackLoader:238 - Cannot read IP mode file for STMicroelectronics.X-CUBE-BLE2.3.2.1
2021-10-16 13:06:47,319 [WARN] PackLoader:238 - Cannot read IP mode file for STMicroelectronics.X-CUBE-BLE2.3.2.2
2021-10-16 13:06:47,321 [WARN] PackLoader:238 - Cannot read IP mode file for STMicroelectronics.X-CUBE-NFC4.2.0.3
2021-10-16 13:06:47,331 [WARN] PackLoader:238 - Cannot read IP mode file for STMicroelectronics.X-CUBE-NFC4.2.0.2
2021-10-16 13:06:47,331 [WARN] PackLoader:238 - Cannot read IP mode file for STMicroelectronics.X-CUBE-TOUCHGFX.4.17.0
2021-10-16 13:06:47,341 [WARN] PackLoader:238 - Cannot read IP mode file for STMicroelectronics.X-CUBE-BLE2.3.2.0
2021-10-16 13:06:47,350 [WARN] PackLoader:238 - Cannot read IP mode file for STMicroelectronics.X-CUBE-SFXS2LP1.3.1.0
2021-10-16 13:06:47,380 [WARN] PackLoader:238 - Cannot read IP mode file for STMicroelectronics.X-CUBE-AZRTOS-F4.1.0.0
2021-10-16 13:06:47,410 [WARN] PackLoader:238 - Cannot read IP mode file for STMicroelectronics.X-CUBE-AZRTOS-H7.2.0.0
2021-10-16 13:06:47,440 [WARN] PackLoader:238 - Cannot read IP mode file for STMicroelectronics.X-CUBE-AZRTOS-L4.1.0.0
2021-10-16 13:06:47,449 [WARN] PackLoader:238 - Cannot read IP mode file for STMicroelectronics.X-CUBE-TOF1.2.0.0
2021-10-16 13:06:47,459 [WARN] PackLoader:238 - Cannot read IP mode file for STMicroelectronics.X-CUBE-SUBG2.4.0.0
2021-10-16 13:06:47,470 [WARN] PackLoader:238 - Cannot read IP mode file for STMicroelectronics.X-CUBE-SUBG2.4.2.0
2021-10-16 13:06:47,482 [WARN] PackLoader:238 - Cannot read IP mode file for STMicroelectronics.X-CUBE-TOF1.1.0.0
2021-10-16 13:06:47,513 [WARN] PackLoader:238 - Cannot read IP mode file for STMicroelectronics.X-CUBE-AZRTOS-H7.1.0.0
2021-10-16 13:06:47,524 [WARN] PackLoader:238 - Cannot read IP mode file for STMicroelectronics.X-CUBE-ALS.1.0.1
2021-10-16 13:06:47,528 [WARN] PackLoader:238 - Cannot read IP mode file for STMicroelectronics.X-CUBE-AI.7.0.0
2021-10-16 13:06:47,534 [WARN] PackLoader:238 - Cannot read IP mode file for STMicroelectronics.X-CUBE-ALGOBUILD.1.2.1
2021-10-16 13:06:47,575 [WARN] PackLoader:238 - Cannot read IP mode file for STMicroelectronics.X-CUBE-MEMS1.8.3.0
2021-10-16 13:06:47,760 [WARN] PackLoader:238 - Cannot read IP mode file for STMicroelectronics.X-CUBE-DISPLAY.1.0.0
2021-10-16 13:06:47,763 [WARN] PackLoader:238 - Cannot read IP mode file for STMicroelectronics.X-CUBE-AI.6.0.0
2021-10-16 13:06:47,768 [WARN] PackLoader:238 - Cannot read IP mode file for STMicroelectronics.X-CUBE-EEPRMA1.3.1.0
2021-10-16 13:06:47,773 [WARN] PackLoader:238 - Cannot read IP mode file for STMicroelectronics.X-CUBE-ALGOBUILD.1.2.0
2021-10-16 13:06:47,779 [WARN] PackLoader:238 - Cannot read IP mode file for STMicroelectronics.X-CUBE-GNSS1.5.2.0
2021-10-16 13:06:47,784 [WARN] PackLoader:238 - Cannot read IP mode file for wolfSSL.I-CUBE-wolfSSL.4.7.0
2021-10-16 13:06:47,786 [WARN] PackLoader:238 - Cannot read IP mode file for STMicroelectronics.X-CUBE-TOUCHGFX.4.16.1
2021-10-16 13:06:47,787 [INFO] ThirdParty:915 - Integrity check success = true
2021-10-16 13:06:47,787 [INFO] IntegrityCheckThread:94 - exiting critical section [integrity check]
2021-10-16 13:06:47,787 [INFO] IntegrityCheckThread:97 - End integrity checks thread
2021-10-16 13:06:47,787 [INFO] ThirdParty:815 - entering critical section [close project]
2021-10-16 13:06:47,788 [INFO] ThirdParty:825 - exiting critical section [close project]
2021-10-16 13:06:47,792 [INFO] PinOutPanel:1463 - setPackage(No Configuration,No Configuration)
2021-10-16 13:06:47,793 [INFO] UtilMem:74 - Begin LoadConfig() Used Memory: 182933536 Bytes (268435456)
2021-10-16 13:06:47,794 [INFO] MicroXplorer:448 - Change Database Path : 
2021-10-16 13:06:47,794 [INFO] MicroXplorer:478 - Change Database Version : DB.6.0.30
2021-10-16 13:06:47,794 [INFO] OpenFileManager:313 - Change cursor
2021-10-16 13:06:49,231 [INFO] Context:592 - Trying to add GPIOservice into a context  which must be forbidden
2021-10-16 13:06:49,744 [WARN] ApiManager:304 - Cannot register API 'Board Extension:S2868A1' from pack STMicroelectronics.X-CUBE-SFXS2LP1.3.0.0: no header file found
2021-10-16 13:06:49,744 [WARN] ApiManager:304 - Cannot register API 'Board Extension:S2868A2' from pack STMicroelectronics.X-CUBE-SFXS2LP1.3.0.0: no header file found
2021-10-16 13:06:49,744 [WARN] ApiManager:304 - Cannot register API 'Board Extension:S2915A1' from pack STMicroelectronics.X-CUBE-SFXS2LP1.3.0.0: no header file found
2021-10-16 13:06:49,751 [WARN] ApiManager:304 - Cannot register API 'Board Extension:S2868A1' from pack STMicroelectronics.X-CUBE-SUBG2.4.1.0: no header file found
2021-10-16 13:06:49,751 [WARN] ApiManager:304 - Cannot register API 'Board Extension:S2868A2' from pack STMicroelectronics.X-CUBE-SUBG2.4.1.0: no header file found
2021-10-16 13:06:49,751 [WARN] ApiManager:304 - Cannot register API 'Board Extension:S2915A1' from pack STMicroelectronics.X-CUBE-SUBG2.4.1.0: no header file found
2021-10-16 13:06:49,950 [WARN] ApiManager:304 - Cannot register API 'Board Extension:IKS01A3' from pack STMicroelectronics.X-CUBE-MEMS1.9.0.0: no header file found
2021-10-16 13:06:49,950 [WARN] ApiManager:304 - Cannot register API 'Board Extension:IKS01A2' from pack STMicroelectronics.X-CUBE-MEMS1.9.0.0: no header file found
2021-10-16 13:06:49,950 [WARN] ApiManager:304 - Cannot register API 'Board Extension:IKS02A1' from pack STMicroelectronics.X-CUBE-MEMS1.9.0.0: no header file found
2021-10-16 13:06:49,961 [WARN] ApiManager:304 - Cannot register API 'Board Extension:EEPRMA1' from pack STMicroelectronics.X-CUBE-EEPRMA1.3.0.0: no header file found
2021-10-16 13:06:49,961 [WARN] ApiManager:304 - Cannot register API 'Board Extension:EEPRMA2' from pack STMicroelectronics.X-CUBE-EEPRMA1.3.0.0: no header file found
2021-10-16 13:06:49,961 [INFO] RtosManager:484 - Registered RTOS mode: class=CMSIS, group=RTOS, mode=CMSIS_V1, owner=FREERTOS
2021-10-16 13:06:49,961 [INFO] RtosManager:484 - Registered RTOS mode: class=CMSIS, group=RTOS2, mode=CMSIS_V2, owner=FREERTOS
2021-10-16 13:06:49,961 [INFO] RtosManager:484 - Registered RTOS mode: class=RTOS, group=Core, mode=CMSIS_V1, owner=FREERTOS
2021-10-16 13:06:49,961 [INFO] RtosManager:484 - Registered RTOS mode: class=RTOS, group=Core, mode=CMSIS_V2, owner=FREERTOS
2021-10-16 13:06:49,961 [WARN] ModelIntegratedComponent:181 - Missing modes for component STMicroelectronics:FreeRTOS:0.0.1:STMicroelectronics:RTOS:FreeRTOS:Core:::10.2.0:
2021-10-16 13:06:49,971 [WARN] ApiManager:304 - Cannot register API 'Wireless:BlueNRG-MS' from pack STMicroelectronics.X-CUBE-BLE1.6.2.0: no header file found
2021-10-16 13:06:49,971 [WARN] ApiManager:304 - Cannot register API 'Wireless:BlueNRG-MS' from pack STMicroelectronics.X-CUBE-BLE1.6.2.1: no header file found
2021-10-16 13:06:49,971 [WARN] ApiManager:304 - Cannot register API 'Wireless:BlueNRG-2' from pack STMicroelectronics.X-CUBE-BLE2.3.2.1: no header file found
2021-10-16 13:06:49,971 [WARN] ApiManager:304 - Cannot register API 'Wireless:BlueNRG-2' from pack STMicroelectronics.X-CUBE-BLE2.3.2.2: no header file found
2021-10-16 13:06:49,971 [WARN] ApiManager:304 - Cannot register API 'Board Extension:NFC04A1' from pack STMicroelectronics.X-CUBE-NFC4.2.0.3: no header file found
2021-10-16 13:06:49,971 [WARN] ApiManager:304 - Cannot register API 'Board Extension:NFC04A1' from pack STMicroelectronics.X-CUBE-NFC4.2.0.2: no header file found
2021-10-16 13:06:49,971 [WARN] ApiManager:304 - Cannot register API 'Wireless:BlueNRG-2' from pack STMicroelectronics.X-CUBE-BLE2.3.2.0: no header file found
2021-10-16 13:06:49,971 [WARN] ApiManager:304 - Cannot register API 'Board Extension:S2868A1' from pack STMicroelectronics.X-CUBE-SFXS2LP1.3.1.0: no header file found
2021-10-16 13:06:49,971 [WARN] ApiManager:304 - Cannot register API 'Board Extension:S2868A2' from pack STMicroelectronics.X-CUBE-SFXS2LP1.3.1.0: no header file found
2021-10-16 13:06:49,971 [WARN] ApiManager:304 - Cannot register API 'Board Extension:S2915A1' from pack STMicroelectronics.X-CUBE-SFXS2LP1.3.1.0: no header file found
2021-10-16 13:06:49,984 [WARN] ModelIntegratedComponent:60 - No mode defined for component null
2021-10-16 13:06:49,984 [WARN] ModelIntegratedComponent:60 - No mode defined for component null
2021-10-16 13:06:49,984 [WARN] ModelIntegratedComponent:60 - No mode defined for component null
2021-10-16 13:06:49,984 [WARN] ModelIntegratedComponent:60 - No mode defined for component null
2021-10-16 13:06:49,984 [WARN] ModelIntegratedComponent:60 - No mode defined for component null
2021-10-16 13:06:49,984 [WARN] ModelIntegratedComponent:60 - No mode defined for component null
2021-10-16 13:06:49,984 [WARN] ModelIntegratedComponent:60 - No mode defined for component null
2021-10-16 13:06:49,984 [WARN] ModelIntegratedComponent:60 - No mode defined for component null
2021-10-16 13:06:49,984 [WARN] ModelIntegratedComponent:60 - No mode defined for component null
2021-10-16 13:06:49,984 [WARN] ModelIntegratedComponent:60 - No mode defined for component null
2021-10-16 13:06:49,984 [WARN] ModelIntegratedComponent:60 - No mode defined for component null
2021-10-16 13:06:49,984 [WARN] ModelIntegratedComponent:60 - No mode defined for component null
2021-10-16 13:06:49,984 [WARN] ModelIntegratedComponent:60 - No mode defined for component null
2021-10-16 13:06:49,984 [WARN] ModelIntegratedComponent:60 - No mode defined for component null
2021-10-16 13:06:49,984 [WARN] ModelIntegratedComponent:60 - No mode defined for component null
2021-10-16 13:06:49,984 [WARN] ModelIntegratedComponent:60 - No mode defined for component null
2021-10-16 13:06:49,984 [WARN] ModelIntegratedComponent:60 - No mode defined for component null
2021-10-16 13:06:49,984 [WARN] ModelIntegratedComponent:60 - No mode defined for component null
2021-10-16 13:06:49,984 [WARN] ModelIntegratedComponent:60 - No mode defined for component null
2021-10-16 13:06:49,984 [WARN] ModelIntegratedComponent:60 - No mode defined for component null
2021-10-16 13:06:49,984 [WARN] ModelIntegratedComponent:60 - No mode defined for component null
2021-10-16 13:06:49,984 [WARN] ModelIntegratedComponent:60 - No mode defined for component null
2021-10-16 13:06:49,984 [WARN] ModelIntegratedComponent:60 - No mode defined for component null
2021-10-16 13:06:49,984 [WARN] ModelIntegratedComponent:60 - No mode defined for component null
2021-10-16 13:06:49,984 [WARN] ModelIntegratedComponent:60 - No mode defined for component null
2021-10-16 13:06:49,984 [WARN] ModelIntegratedComponent:60 - No mode defined for component null
2021-10-16 13:06:49,984 [WARN] ModelIntegratedComponent:60 - No mode defined for component null
2021-10-16 13:06:49,984 [WARN] ModelIntegratedComponent:60 - No mode defined for component null
2021-10-16 13:06:49,984 [WARN] ModelIntegratedComponent:60 - No mode defined for component null
2021-10-16 13:06:49,984 [WARN] ModelIntegratedComponent:60 - No mode defined for component null
2021-10-16 13:06:49,984 [WARN] ModelIntegratedComponent:60 - No mode defined for component null
2021-10-16 13:06:49,991 [WARN] ApiManager:304 - Cannot register API 'Board Extension:S2868A1' from pack STMicroelectronics.X-CUBE-SUBG2.4.0.0: no header file found
2021-10-16 13:06:49,991 [WARN] ApiManager:304 - Cannot register API 'Board Extension:S2868A2' from pack STMicroelectronics.X-CUBE-SUBG2.4.0.0: no header file found
2021-10-16 13:06:49,991 [WARN] ApiManager:304 - Cannot register API 'Board Extension:S2915A1' from pack STMicroelectronics.X-CUBE-SUBG2.4.0.0: no header file found
2021-10-16 13:06:49,991 [WARN] ApiManager:304 - Cannot register API 'Board Extension:S2868A1' from pack STMicroelectronics.X-CUBE-SUBG2.4.2.0: no header file found
2021-10-16 13:06:49,991 [WARN] ApiManager:304 - Cannot register API 'Board Extension:S2868A2' from pack STMicroelectronics.X-CUBE-SUBG2.4.2.0: no header file found
2021-10-16 13:06:49,991 [WARN] ApiManager:304 - Cannot register API 'Board Extension:S2915A1' from pack STMicroelectronics.X-CUBE-SUBG2.4.2.0: no header file found
2021-10-16 13:06:50,161 [WARN] ApiManager:304 - Cannot register API 'Board Extension:IKS01A3' from pack STMicroelectronics.X-CUBE-MEMS1.8.3.0: no header file found
2021-10-16 13:06:50,161 [WARN] ApiManager:304 - Cannot register API 'Board Extension:IKS01A2' from pack STMicroelectronics.X-CUBE-MEMS1.8.3.0: no header file found
2021-10-16 13:06:50,161 [WARN] ApiManager:304 - Cannot register API 'Board Extension:IKS02A1' from pack STMicroelectronics.X-CUBE-MEMS1.8.3.0: no header file found
2021-10-16 13:06:50,171 [WARN] ApiManager:304 - Cannot register API 'Board Extension:EEPRMA1' from pack STMicroelectronics.X-CUBE-EEPRMA1.3.1.0: no header file found
2021-10-16 13:06:50,171 [WARN] ApiManager:304 - Cannot register API 'Board Extension:EEPRMA2' from pack STMicroelectronics.X-CUBE-EEPRMA1.3.1.0: no header file found
2021-10-16 13:06:50,171 [WARN] ApiManager:304 - Cannot register API 'Board Extension:GNSS1A1' from pack STMicroelectronics.X-CUBE-GNSS1.5.2.0: no header file found
2021-10-16 13:06:50,171 [WARN] ApiManager:304 - Cannot register API 'Board Support:Custom' from pack STMicroelectronics.X-CUBE-GNSS1.5.2.0: no header file found
2021-10-16 13:06:50,171 [WARN] ApiManager:304 - Cannot register API 'Data Exchange:lib_gnss' from pack STMicroelectronics.X-CUBE-GNSS1.5.2.0: no header file found
2021-10-16 13:06:52,580 [INFO] ImportTextPane:167 - (OptionalMessage_ERROR) IP (RCC) : Parameter (FLatency) has Id (AdvancedSettings) currently not set
2021-10-16 13:06:52,580 [INFO] ImportTextPane:167 - (OptionalMessage_ERROR) IP (RCC) : Invalid parameter (FamilyName)
2021-10-16 13:06:52,580 [INFO] ImportTextPane:167 - (OptionalMessage_ERROR) IP (RCC) : Invalid parameter (HSICECFreq_Value)
2021-10-16 13:06:52,766 [INFO] UtilMem:74 - End LoadConfig() Used Memory: 306217472 Bytes (469762048)
2021-10-16 13:06:52,768 [INFO] DbMcusXml:100 - Load MCU database from C:\ST\STM32CubeIDE_1.6.1\STM32CubeIDE\plugins\com.st.stm32cube.common.mx_6.3.0.202107141111\\db\/mcu/families.xml
2021-10-16 13:06:53,611 [INFO] DbMcusJson:93 - JSON generation date=Mon Jun 07 10:53:21 CEST 2021 (1623056001)
2021-10-16 13:06:54,341 [INFO] DbMcus:175 - Found 1951 MCUs (1903 are supported by CubeMX, 1903 are visible in CubeMX)
2021-10-16 13:06:54,341 [INFO] ApiDb:251 - Load user favorites file C:\Users\Thomas VERNOUX/.stm32cubeide/favorites.mcus.txt: 0 item(s)
2021-10-16 13:06:54,341 [INFO] ApiDb:255 - User favorites MCUs=[]
2021-10-16 13:06:54,341 [INFO] DbMcus:187 - Set 0 / 0 favorites MCUs
2021-10-16 13:06:54,341 [WARN] ThirdParty:779 - waiting for thirdparty lock release [change project]
2021-10-16 13:06:54,341 [INFO] ThirdParty:781 - entering critical section [change project]
2021-10-16 13:06:54,341 [INFO] ThirdParty:967 - CMSIS Pack Vendor :RoweBots I-CUBE-UNISONRTOS 5.5.0-4
2021-10-16 13:06:54,341 [INFO] ThirdParty:967 - CMSIS Pack Vendor :STMicroelectronics X-CUBE-SFXS2LP1 3.0.0
2021-10-16 13:06:54,341 [INFO] ThirdParty:967 - CMSIS Pack Vendor :STMicroelectronics USB_HOST 2.0.0
2021-10-16 13:06:54,341 [INFO] ThirdParty:967 - CMSIS Pack Vendor :STMicroelectronics USB_DEVICE 3.0.0
2021-10-16 13:06:54,341 [INFO] ThirdParty:967 - CMSIS Pack Vendor :STMicroelectronics X-CUBE-SUBG2 4.1.0
2021-10-16 13:06:54,341 [INFO] ThirdParty:967 - CMSIS Pack Vendor :STMicroelectronics X-CUBE-MEMS1 9.0.0
2021-10-16 13:06:54,341 [INFO] ThirdParty:967 - CMSIS Pack Vendor :STMicroelectronics USB_DEVICE 2.0.0
2021-10-16 13:06:54,341 [INFO] ThirdParty:967 - CMSIS Pack Vendor :STMicroelectronics X-CUBE-EEPRMA1 3.0.0
2021-10-16 13:06:54,341 [INFO] ThirdParty:967 - CMSIS Pack Vendor :STMicroelectronics FreeRTOS 0.0.1
2021-10-16 13:06:54,341 [INFO] ThirdParty:967 - CMSIS Pack Vendor :SEGGER I-CUBE-embOS 1.2.0
2021-10-16 13:06:54,341 [INFO] ThirdParty:967 - CMSIS Pack Vendor :STMicroelectronics lwIP 2.0.3
2021-10-16 13:06:54,341 [INFO] ThirdParty:967 - CMSIS Pack Vendor :STMicroelectronics X-CUBE-BLE1 6.2.0
2021-10-16 13:06:54,341 [INFO] ThirdParty:967 - CMSIS Pack Vendor :STMicroelectronics X-CUBE-BLE1 6.2.1
2021-10-16 13:06:54,341 [INFO] ThirdParty:967 - CMSIS Pack Vendor :STMicroelectronics X-CUBE-BLE2 3.2.1
2021-10-16 13:06:54,341 [INFO] ThirdParty:967 - CMSIS Pack Vendor :STMicroelectronics X-CUBE-BLE2 3.2.2
2021-10-16 13:06:54,341 [INFO] ThirdParty:967 - CMSIS Pack Vendor :STMicroelectronics USB_HOST 1.0.0
2021-10-16 13:06:54,341 [INFO] ThirdParty:967 - CMSIS Pack Vendor :STMicroelectronics X-CUBE-NFC4 2.0.3
2021-10-16 13:06:54,341 [INFO] ThirdParty:967 - CMSIS Pack Vendor :STMicroelectronics X-CUBE-NFC4 2.0.2
2021-10-16 13:06:54,341 [INFO] ThirdParty:967 - CMSIS Pack Vendor :STMicroelectronics X-CUBE-TOUCHGFX 4.17.0
2021-10-16 13:06:54,341 [INFO] ThirdParty:967 - CMSIS Pack Vendor :STMicroelectronics PDM2PCM 3.1.0
2021-10-16 13:06:54,341 [INFO] ThirdParty:967 - CMSIS Pack Vendor :STMicroelectronics PDM2PCM 3.3.0
2021-10-16 13:06:54,341 [INFO] ThirdParty:967 - CMSIS Pack Vendor :STMicroelectronics X-CUBE-BLE2 3.2.0
2021-10-16 13:06:54,341 [INFO] ThirdParty:967 - CMSIS Pack Vendor :STMicroelectronics X-CUBE-SFXS2LP1 3.1.0
2021-10-16 13:06:54,341 [INFO] ThirdParty:967 - CMSIS Pack Vendor :STMicroelectronics X-CUBE-AZRTOS-F4 1.0.0
2021-10-16 13:06:54,341 [INFO] ThirdParty:967 - CMSIS Pack Vendor :STMicroelectronics X-CUBE-AZRTOS-H7 2.0.0
2021-10-16 13:06:54,350 [INFO] ThirdParty:967 - CMSIS Pack Vendor :STMicroelectronics X-CUBE-AZRTOS-L4 1.0.0
2021-10-16 13:06:54,350 [INFO] ThirdParty:967 - CMSIS Pack Vendor :STMicroelectronics X-CUBE-TOF1 2.0.0
2021-10-16 13:06:54,350 [INFO] ThirdParty:967 - CMSIS Pack Vendor :STMicroelectronics HAL Drivers 0.0.0
2021-10-16 13:06:54,350 [INFO] ThirdParty:967 - CMSIS Pack Vendor :STMicroelectronics MBEDTLS 2.16.2
2021-10-16 13:06:54,350 [INFO] ThirdParty:967 - CMSIS Pack Vendor :STMicroelectronics MBEDTLS 2.14.1
2021-10-16 13:06:54,350 [INFO] ThirdParty:967 - CMSIS Pack Vendor :STMicroelectronics X-CUBE-SUBG2 4.0.0
2021-10-16 13:06:54,350 [INFO] ThirdParty:967 - CMSIS Pack Vendor :STMicroelectronics X-CUBE-SUBG2 4.2.0
2021-10-16 13:06:54,350 [INFO] ThirdParty:967 - CMSIS Pack Vendor :STMicroelectronics X-CUBE-TOF1 1.0.0
2021-10-16 13:06:54,350 [INFO] ThirdParty:967 - CMSIS Pack Vendor :STMicroelectronics X-CUBE-AZRTOS-H7 1.0.0
2021-10-16 13:06:54,350 [INFO] ThirdParty:967 - CMSIS Pack Vendor :STMicroelectronics X-CUBE-ALS 1.0.1
2021-10-16 13:06:54,350 [INFO] ThirdParty:967 - CMSIS Pack Vendor :STMicroelectronics X-CUBE-AI 7.0.0
2021-10-16 13:06:54,350 [INFO] ThirdParty:967 - CMSIS Pack Vendor :STMicroelectronics X-CUBE-ALGOBUILD 1.2.1
2021-10-16 13:06:54,351 [INFO] ThirdParty:967 - CMSIS Pack Vendor :STMicroelectronics X-CUBE-MEMS1 8.3.0
2021-10-16 13:06:54,351 [INFO] ThirdParty:967 - CMSIS Pack Vendor :STMicroelectronics X-CUBE-DISPLAY 1.0.0
2021-10-16 13:06:54,351 [INFO] ThirdParty:967 - CMSIS Pack Vendor :STMicroelectronics USB_DEVICE 1.0.0
2021-10-16 13:06:54,351 [INFO] ThirdParty:967 - CMSIS Pack Vendor :STMicroelectronics X-CUBE-AI 6.0.0
2021-10-16 13:06:54,351 [INFO] ThirdParty:967 - CMSIS Pack Vendor :STMicroelectronics X-CUBE-EEPRMA1 3.1.0
2021-10-16 13:06:54,351 [INFO] ThirdParty:967 - CMSIS Pack Vendor :STMicroelectronics X-CUBE-ALGOBUILD 1.2.0
2021-10-16 13:06:54,351 [INFO] ThirdParty:967 - CMSIS Pack Vendor :STMicroelectronics X-CUBE-GNSS1 5.2.0
2021-10-16 13:06:54,351 [INFO] ThirdParty:967 - CMSIS Pack Vendor :STMicroelectronics ThreadX 0.0.2
2021-10-16 13:06:54,351 [INFO] ThirdParty:967 - CMSIS Pack Vendor :STMicroelectronics lwIP 2.1.2
2021-10-16 13:06:54,351 [INFO] ThirdParty:967 - CMSIS Pack Vendor :wolfSSL I-CUBE-wolfSSL 4.7.0
2021-10-16 13:06:54,351 [INFO] ThirdParty:967 - CMSIS Pack Vendor :STMicroelectronics X-CUBE-TOUCHGFX 4.16.1
2021-10-16 13:06:54,351 [INFO] ThirdParty:967 - CMSIS Pack Vendor :STMicroelectronics PDM2PCM 3.2.0
2021-10-16 13:06:54,352 [INFO] ThirdParty:787 - exiting critical section [change project]
2021-10-16 13:06:54,794 [INFO] PinOutPanel:1463 - setPackage(No Configuration,No Configuration)
2021-10-16 13:06:54,796 [INFO] PinOutPanel:1463 - setPackage(STM32F072RBTx,LQFP64)
2021-10-16 13:06:55,661 [INFO] UtilMem:74 - Before build in PCC Used Memory: 436207608 Bytes (538968064)
2021-10-16 13:06:56,353 [INFO] UtilMem:74 - After build in PCC Used Memory: 304699216 Bytes (538968064)
2021-10-16 13:06:56,392 [INFO] IPUIPlugin:74 - create IPUIPlugin
2021-10-16 13:06:56,392 [INFO] IPUIPlugin:74 - create IPUIPlugin
2021-10-16 13:06:56,392 [INFO] IPUIPlugin:74 - create IPUIPlugin
2021-10-16 13:06:56,392 [INFO] IPUIPlugin:74 - create IPUIPlugin
2021-10-16 13:06:56,392 [INFO] IPUIPlugin:74 - create IPUIPlugin
2021-10-16 13:06:56,392 [INFO] IPUIPlugin:74 - create IPUIPlugin
2021-10-16 13:06:56,392 [INFO] IPUIPlugin:74 - create IPUIPlugin
2021-10-16 13:06:56,392 [INFO] IPUIPlugin:74 - create IPUIPlugin
2021-10-16 13:06:56,392 [INFO] IPUIPlugin:74 - create IPUIPlugin
2021-10-16 13:06:56,392 [INFO] IPUIPlugin:74 - create IPUIPlugin
2021-10-16 13:06:56,392 [INFO] IPUIPlugin:74 - create IPUIPlugin
2021-10-16 13:06:56,392 [INFO] IPUIPlugin:74 - create IPUIPlugin
2021-10-16 13:06:56,392 [INFO] IPUIPlugin:74 - create IPUIPlugin
2021-10-16 13:06:56,392 [INFO] IPUIPlugin:74 - create IPUIPlugin
2021-10-16 13:06:56,392 [INFO] IPUIPlugin:74 - create IPUIPlugin
2021-10-16 13:06:56,392 [INFO] IPUIPlugin:74 - create IPUIPlugin
2021-10-16 13:06:56,392 [INFO] IPUIPlugin:74 - create IPUIPlugin
2021-10-16 13:06:56,392 [INFO] IPUIPlugin:74 - create IPUIPlugin
2021-10-16 13:06:56,392 [INFO] IPUIPlugin:74 - create IPUIPlugin
2021-10-16 13:06:56,392 [INFO] IPUIPlugin:74 - create IPUIPlugin
2021-10-16 13:06:56,392 [INFO] IPUIPlugin:74 - create IPUIPlugin
2021-10-16 13:06:56,392 [INFO] IPUIPlugin:74 - create IPUIPlugin
2021-10-16 13:06:56,392 [INFO] IPUIPlugin:74 - create IPUIPlugin
2021-10-16 13:06:56,400 [INFO] IPUIPlugin:74 - create IPUIPlugin
2021-10-16 13:06:56,400 [INFO] IPUIPlugin:74 - create IPUIPlugin
2021-10-16 13:06:56,401 [INFO] IPUIPlugin:74 - create IPUIPlugin
2021-10-16 13:06:56,401 [INFO] IPUIPlugin:74 - create IPUIPlugin
2021-10-16 13:06:56,401 [INFO] IPUIPlugin:74 - create IPUIPlugin
2021-10-16 13:06:56,401 [INFO] IPUIPlugin:74 - create IPUIPlugin
2021-10-16 13:06:56,401 [INFO] IPUIPlugin:74 - create IPUIPlugin
2021-10-16 13:06:56,401 [INFO] IPUIPlugin:74 - create IPUIPlugin
2021-10-16 13:06:56,401 [INFO] IPUIPlugin:74 - create IPUIPlugin
2021-10-16 13:06:56,401 [INFO] IPUIPlugin:74 - create IPUIPlugin
2021-10-16 13:06:56,401 [INFO] IPUIPlugin:74 - create IPUIPlugin
2021-10-16 13:06:56,401 [INFO] IPUIPlugin:74 - create IPUIPlugin
2021-10-16 13:06:56,401 [INFO] IPUIPlugin:74 - create IPUIPlugin
2021-10-16 13:06:56,401 [INFO] IPUIPlugin:74 - create IPUIPlugin
2021-10-16 13:06:56,401 [INFO] IPUIPlugin:74 - create IPUIPlugin
2021-10-16 13:06:56,401 [INFO] IPUIPlugin:74 - create IPUIPlugin
2021-10-16 13:06:56,401 [INFO] IPUIPlugin:74 - create IPUIPlugin
2021-10-16 13:06:56,401 [INFO] IPUIPlugin:74 - create IPUIPlugin
2021-10-16 13:06:56,580 [INFO] OpenFileManager:333 - Restore cursor
2021-10-16 13:08:12,670 [INFO] UtilMem:74 - End SaveConfig() Used Memory: 507966856 Bytes (590348288)
2021-10-16 13:08:14,841 [INFO] UtilMem:74 - End SaveConfig() Used Memory: 490756632 Bytes (590348288)
2021-10-16 13:08:17,787 [INFO] UtilMem:74 - End SaveConfig() Used Memory: 493914272 Bytes (590348288)
2021-10-16 13:08:18,211 [INFO] BlockDiagram:2740 - set Specific Code input for plugin: NVIC
2021-10-16 13:08:18,211 [INFO] BlockDiagram:2740 - set Specific Code input for plugin: TIM1_8F0
2021-10-16 13:08:18,211 [INFO] BlockDiagram:2740 - set Specific Code input for plugin: SYS
2021-10-16 13:08:18,211 [INFO] BlockDiagram:2740 - set Specific Code input for plugin: GPIO
2021-10-16 13:08:18,211 [INFO] BlockDiagram:2740 - set Specific Code input for plugin: RCC
2021-10-16 13:08:18,211 [INFO] CodeGenerator:663 - code generatio: config db path: C:\ST\STM32CubeIDE_1.6.1\STM32CubeIDE\plugins\com.st.stm32cube.common.mx_6.3.0.202107141111\\db\
2021-10-16 13:08:18,710 [INFO] CodeEngine:239 - oldGeneratedFile, A:\Bureau\Projet Robot Infirmier\STM32\STM32-F072RB\MXTmpFiles\license.tmp_save
2021-10-16 13:08:19,109 [INFO] CodeEngine:257 - Generated code: A:\Bureau\Projet Robot Infirmier\STM32\STM32-F072RB\MXTmpFiles\license.tmp
2021-10-16 13:08:19,341 [INFO] CodeEngine:239 - oldGeneratedFile, A:\Bureau\Projet Robot Infirmier\STM32\STM32-F072RB\Core\Src\gpio.c_save
2021-10-16 13:08:19,471 [INFO] CodeEngine:257 - Generated code: A:\Bureau\Projet Robot Infirmier\STM32\STM32-F072RB\Core\Src\gpio.c
2021-10-16 13:08:19,481 [INFO] CodeEngine:239 - oldGeneratedFile, A:\Bureau\Projet Robot Infirmier\STM32\STM32-F072RB\Core\Inc\gpio.h_save
2021-10-16 13:08:19,557 [INFO] CodeEngine:257 - Generated code: A:\Bureau\Projet Robot Infirmier\STM32\STM32-F072RB\Core\Inc\gpio.h
2021-10-16 13:08:20,010 [INFO] CodeEngine:239 - oldGeneratedFile, A:\Bureau\Projet Robot Infirmier\STM32\STM32-F072RB\Core\Src\tim.c_save
2021-10-16 13:08:20,241 [INFO] CodeEngine:257 - Generated code: A:\Bureau\Projet Robot Infirmier\STM32\STM32-F072RB\Core\Src\tim.c
2021-10-16 13:08:20,254 [INFO] CodeEngine:239 - oldGeneratedFile, A:\Bureau\Projet Robot Infirmier\STM32\STM32-F072RB\Core\Inc\tim.h_save
2021-10-16 13:08:20,350 [INFO] CodeEngine:257 - Generated code: A:\Bureau\Projet Robot Infirmier\STM32\STM32-F072RB\Core\Inc\tim.h
2021-10-16 13:08:20,362 [INFO] CodeEngine:239 - oldGeneratedFile, A:\Bureau\Projet Robot Infirmier\STM32\STM32-F072RB\Core\Src\stm32f0xx_it.c_save
2021-10-16 13:08:20,503 [INFO] CodeEngine:257 - Generated code: A:\Bureau\Projet Robot Infirmier\STM32\STM32-F072RB\Core\Src\stm32f0xx_it.c
2021-10-16 13:08:20,513 [INFO] CodeEngine:239 - oldGeneratedFile, A:\Bureau\Projet Robot Infirmier\STM32\STM32-F072RB\Core\Inc\stm32f0xx_it.h_save
2021-10-16 13:08:20,580 [INFO] CodeEngine:257 - Generated code: A:\Bureau\Projet Robot Infirmier\STM32\STM32-F072RB\Core\Inc\stm32f0xx_it.h
2021-10-16 13:08:20,602 [INFO] CodeEngine:239 - oldGeneratedFile, A:\Bureau\Projet Robot Infirmier\STM32\STM32-F072RB\Core\Src\stm32f0xx_hal_msp.c_save
2021-10-16 13:08:20,702 [INFO] CodeEngine:257 - Generated code: A:\Bureau\Projet Robot Infirmier\STM32\STM32-F072RB\Core\Src\stm32f0xx_hal_msp.c
2021-10-16 13:08:20,710 [INFO] CodeEngine:239 - oldGeneratedFile, A:\Bureau\Projet Robot Infirmier\STM32\STM32-F072RB\MXTmpFiles\system.tmp_save
2021-10-16 13:08:20,779 [INFO] CodeEngine:257 - Generated code: A:\Bureau\Projet Robot Infirmier\STM32\STM32-F072RB\MXTmpFiles\system.tmp
2021-10-16 13:08:20,794 [INFO] CodeEngine:239 - oldGeneratedFile, A:\Bureau\Projet Robot Infirmier\STM32\STM32-F072RB\Core\Inc\stm32f0xx_hal_conf.h_save
2021-10-16 13:08:20,881 [INFO] CodeEngine:257 - Generated code: A:\Bureau\Projet Robot Infirmier\STM32\STM32-F072RB\Core\Inc\stm32f0xx_hal_conf.h
2021-10-16 13:08:20,921 [INFO] CodeEngine:239 - oldGeneratedFile, A:\Bureau\Projet Robot Infirmier\STM32\STM32-F072RB\Core\Inc\main.h_save
2021-10-16 13:08:21,017 [INFO] CodeEngine:257 - Generated code: A:\Bureau\Projet Robot Infirmier\STM32\STM32-F072RB\Core\Inc\main.h
2021-10-16 13:08:21,027 [INFO] CodeEngine:239 - oldGeneratedFile, A:\Bureau\Projet Robot Infirmier\STM32\STM32-F072RB\Core\Src\main.c_save
2021-10-16 13:08:21,160 [INFO] CodeEngine:257 - Generated code: A:\Bureau\Projet Robot Infirmier\STM32\STM32-F072RB\Core\Src\main.c
2021-10-16 13:08:22,265 [INFO] ProjectBuilder:2578 - Time for Copy HAL[1] : 207mS.
2021-10-16 13:08:22,272 [INFO] ProjectBuilder:3622 - Project Generator version: 3.14.1
2021-10-16 13:08:22,895 [INFO] ConfigFileManager:1271 - The Die is : DIE448
2021-10-16 13:08:22,926 [INFO] ApiDbMcu:468 - Load IP Config File for FATFS
2021-10-16 13:08:22,960 [INFO] ApiDbMcu:468 - Load IP Config File for FREERTOS
2021-10-16 13:08:23,139 [INFO] ApiDbMcu:468 - Load IP Config File for TOUCHSENSING
2021-10-16 13:08:23,162 [INFO] ApiDbMcu:468 - Load IP Config File for USB_DEVICE
2021-10-16 13:08:24,582 [ERROR] root:77 - Fail to recover any existing build configuration matching on going update process
2021-10-16 13:08:24,590 [INFO] ProjectBuilder:3789 - Time for Generating toolchain IDE Files: 2318mS.
2021-10-16 13:08:24,590 [INFO] ProjectBuilder:2457 - Time for Copy CMSIS : 0mS.
2021-10-16 13:08:24,591 [INFO] ProjectBuilder:2457 - Time for Copy CMSIS : 0mS.
2021-10-16 13:12:17,803 [INFO] UtilMem:74 - End SaveConfig() Used Memory: 571499832 Bytes (857735168)
2021-10-16 13:12:18,082 [INFO] BlockDiagram:2740 - set Specific Code input for plugin: NVIC
2021-10-16 13:12:18,082 [INFO] BlockDiagram:2740 - set Specific Code input for plugin: TIM1_8F0
2021-10-16 13:12:18,082 [INFO] BlockDiagram:2740 - set Specific Code input for plugin: SYS
2021-10-16 13:12:18,082 [INFO] BlockDiagram:2740 - set Specific Code input for plugin: GPIO
2021-10-16 13:12:18,082 [INFO] BlockDiagram:2740 - set Specific Code input for plugin: RCC
2021-10-16 13:12:18,082 [INFO] CodeGenerator:663 - code generatio: config db path: C:\ST\STM32CubeIDE_1.6.1\STM32CubeIDE\plugins\com.st.stm32cube.common.mx_6.3.0.202107141111\\db\
2021-10-16 13:12:18,521 [INFO] CodeEngine:239 - oldGeneratedFile, A:\Bureau\Projet Robot Infirmier\STM32\STM32-F072RB\MXTmpFiles\license.tmp_save
2021-10-16 13:12:18,581 [INFO] CodeEngine:257 - Generated code: A:\Bureau\Projet Robot Infirmier\STM32\STM32-F072RB\MXTmpFiles\license.tmp
2021-10-16 13:12:18,691 [INFO] CodeEngine:239 - oldGeneratedFile, A:\Bureau\Projet Robot Infirmier\STM32\STM32-F072RB\Core\Src\gpio.c_save
2021-10-16 13:12:18,760 [INFO] CodeEngine:257 - Generated code: A:\Bureau\Projet Robot Infirmier\STM32\STM32-F072RB\Core\Src\gpio.c
2021-10-16 13:12:18,770 [INFO] CodeEngine:239 - oldGeneratedFile, A:\Bureau\Projet Robot Infirmier\STM32\STM32-F072RB\Core\Inc\gpio.h_save
2021-10-16 13:12:18,859 [INFO] CodeEngine:257 - Generated code: A:\Bureau\Projet Robot Infirmier\STM32\STM32-F072RB\Core\Inc\gpio.h
2021-10-16 13:12:19,191 [INFO] CodeEngine:239 - oldGeneratedFile, A:\Bureau\Projet Robot Infirmier\STM32\STM32-F072RB\Core\Src\tim.c_save
2021-10-16 13:12:19,345 [INFO] CodeEngine:257 - Generated code: A:\Bureau\Projet Robot Infirmier\STM32\STM32-F072RB\Core\Src\tim.c
2021-10-16 13:12:19,351 [INFO] CodeEngine:239 - oldGeneratedFile, A:\Bureau\Projet Robot Infirmier\STM32\STM32-F072RB\Core\Inc\tim.h_save
2021-10-16 13:12:19,426 [INFO] CodeEngine:257 - Generated code: A:\Bureau\Projet Robot Infirmier\STM32\STM32-F072RB\Core\Inc\tim.h
2021-10-16 13:12:19,444 [INFO] CodeEngine:239 - oldGeneratedFile, A:\Bureau\Projet Robot Infirmier\STM32\STM32-F072RB\Core\Src\stm32f0xx_it.c_save
2021-10-16 13:12:19,521 [INFO] CodeEngine:257 - Generated code: A:\Bureau\Projet Robot Infirmier\STM32\STM32-F072RB\Core\Src\stm32f0xx_it.c
2021-10-16 13:12:19,529 [INFO] CodeEngine:239 - oldGeneratedFile, A:\Bureau\Projet Robot Infirmier\STM32\STM32-F072RB\Core\Inc\stm32f0xx_it.h_save
2021-10-16 13:12:19,591 [INFO] CodeEngine:257 - Generated code: A:\Bureau\Projet Robot Infirmier\STM32\STM32-F072RB\Core\Inc\stm32f0xx_it.h
2021-10-16 13:12:19,611 [INFO] CodeEngine:239 - oldGeneratedFile, A:\Bureau\Projet Robot Infirmier\STM32\STM32-F072RB\Core\Src\stm32f0xx_hal_msp.c_save
2021-10-16 13:12:19,700 [INFO] CodeEngine:257 - Generated code: A:\Bureau\Projet Robot Infirmier\STM32\STM32-F072RB\Core\Src\stm32f0xx_hal_msp.c
2021-10-16 13:12:19,706 [INFO] CodeEngine:239 - oldGeneratedFile, A:\Bureau\Projet Robot Infirmier\STM32\STM32-F072RB\MXTmpFiles\system.tmp_save
2021-10-16 13:12:19,760 [INFO] CodeEngine:257 - Generated code: A:\Bureau\Projet Robot Infirmier\STM32\STM32-F072RB\MXTmpFiles\system.tmp
2021-10-16 13:12:19,771 [INFO] CodeEngine:239 - oldGeneratedFile, A:\Bureau\Projet Robot Infirmier\STM32\STM32-F072RB\Core\Inc\stm32f0xx_hal_conf.h_save
2021-10-16 13:12:19,860 [INFO] CodeEngine:257 - Generated code: A:\Bureau\Projet Robot Infirmier\STM32\STM32-F072RB\Core\Inc\stm32f0xx_hal_conf.h
2021-10-16 13:12:19,901 [INFO] CodeEngine:239 - oldGeneratedFile, A:\Bureau\Projet Robot Infirmier\STM32\STM32-F072RB\Core\Inc\main.h_save
2021-10-16 13:12:19,976 [INFO] CodeEngine:257 - Generated code: A:\Bureau\Projet Robot Infirmier\STM32\STM32-F072RB\Core\Inc\main.h
2021-10-16 13:12:19,985 [INFO] CodeEngine:239 - oldGeneratedFile, A:\Bureau\Projet Robot Infirmier\STM32\STM32-F072RB\Core\Src\main.c_save
2021-10-16 13:12:20,080 [INFO] CodeEngine:257 - Generated code: A:\Bureau\Projet Robot Infirmier\STM32\STM32-F072RB\Core\Src\main.c
2021-10-16 13:12:21,001 [INFO] ProjectBuilder:2578 - Time for Copy HAL[1] : 151mS.
2021-10-16 13:12:21,004 [INFO] ProjectBuilder:3622 - Project Generator version: 3.14.1
2021-10-16 13:12:21,653 [INFO] ConfigFileManager:1271 - The Die is : DIE448
2021-10-16 13:12:22,901 [ERROR] root:77 - Fail to recover any existing build configuration matching on going update process
2021-10-16 13:12:22,901 [INFO] ProjectBuilder:3789 - Time for Generating toolchain IDE Files: 1897mS.
2021-10-16 13:12:22,901 [INFO] ProjectBuilder:2457 - Time for Copy CMSIS : 0mS.
2021-10-16 13:12:22,901 [INFO] ProjectBuilder:2457 - Time for Copy CMSIS : 0mS.
